#
# There is insufficient memory for the Java Runtime Environment to continue.
# Native memory allocation (malloc) failed to allocate 360496 bytes for Chunk::new
# Possible reasons:
#   The system is out of physical RAM or swap space
#   The process is running with CompressedOops enabled, and the Java Heap may be blocking the growth of the native heap
# Possible solutions:
#   Reduce memory load on the system
#   Increase physical memory or swap space
#   Check if swap backing store is full
#   Decrease Java heap size (-Xmx/-Xms)
#   Decrease number of Java threads
#   Decrease Java thread stack sizes (-Xss)
#   Set larger code cache with -XX:ReservedCodeCacheSize=
#   JVM is running with Zero Based Compressed Oops mode in which the Java heap is
#     placed in the first 32GB address space. The Java Heap base address is the
#     maximum limit for the native heap growth. Please use -XX:HeapBaseMinAddress
#     to set the Java Heap base and to place the Java Heap above 32GB virtual address.
# This output file may be truncated or incomplete.
#
#  Out of Memory Error (./src/hotspot/share/memory/arena.cpp:197), pid=19676, tid=19904
#
# JRE version: OpenJDK Runtime Environment (11.0.12+7) (build 11.0.12+7-b1504.28-7817840)
# Java VM: OpenJDK 64-Bit Server VM (11.0.12+7-b1504.28-7817840, mixed mode, tiered, compressed oops, g1 gc, windows-amd64)
# No core dump will be written. Minidumps are not enabled by default on client versions of Windows
#

---------------  S U M M A R Y ------------

Command Line: -Djava.awt.headless=true -Djava.util.logging.config.file=C:\Users\Maulana Rosandy\.android\utp\logging5802728309929295528properties -Dfile.encoding=UTF-8 -Duser.country=US -Duser.language=en -Duser.variant com.google.testing.platform.launcher.Launcher C:\Users\Maulana Rosandy\.gradle\caches\modules-2\files-2.1\com.google.testing.platform\core\0.0.8-alpha07\185ff5f0c2380a7a283320bc5ec9130dbcbbb030\core-0.0.8-alpha07.jar --proto_config=C:\Users\Maulana Rosandy\.android\utp\runnerConfig16751517019167519706.pb --proto_server_config=C:\Users\Maulana Rosandy\.android\utp\serverConfig11455352775993836329.pb

Host: AMD Ryzen 5 3550H with Radeon Vega Mobile Gfx  , 8 cores, 15G,  Windows 10 , 64 bit Build 22000 (10.0.22000.708)
Time: Sat Sep 24 22:40:57 2022 SE Asia Standard Time elapsed time: 6.621842 seconds (0d 0h 0m 6s)

---------------  T H R E A D  ---------------

Current thread (0x00000257e70b4000):  JavaThread "C2 CompilerThread0" daemon [_thread_in_native, id=19904, stack(0x000000d909500000,0x000000d909600000)]


Current CompileTask:
C2:   6621 1717   !   4       jdk.internal.loader.BuiltinClassLoader::loadClassOrNull (143 bytes)

Stack: [0x000000d909500000,0x000000d909600000]
Native frames: (J=compiled Java code, j=interpreted, Vv=VM code, C=native code)
V  [jvm.dll+0x5fbcea]
V  [jvm.dll+0x731905]
V  [jvm.dll+0x732f1d]
V  [jvm.dll+0x7335d3]
V  [jvm.dll+0x247bf8]
V  [jvm.dll+0xc018c]
V  [jvm.dll+0xc06cc]
V  [jvm.dll+0x4f53a0]
V  [jvm.dll+0x328832]
V  [jvm.dll+0x327cfa]
V  [jvm.dll+0x200602]
V  [jvm.dll+0x1ff794]
V  [jvm.dll+0x18868c]
V  [jvm.dll+0x20e0d7]
V  [jvm.dll+0x20c901]
V  [jvm.dll+0x6f9b7f]
V  [jvm.dll+0x6f26a5]
V  [jvm.dll+0x5fabf6]
C  [ucrtbase.dll+0x26c0c]
C  [KERNEL32.DLL+0x154e0]
C  [ntdll.dll+0x485b]


---------------  P R O C E S S  ---------------

Threads class SMR info:
_java_thread_list=0x00000257e93cd630, length=14, elements={
0x00000257c5c30000, 0x00000257e67c2800, 0x00000257e67c5800, 0x00000257e70ab800,
0x00000257e70ae800, 0x00000257e70b1000, 0x00000257e70b4000, 0x00000257e70d9000,
0x00000257e7123000, 0x00000257e725b000, 0x00000257e9c2a800, 0x00000257e8d3c800,
0x00000257e9113000, 0x00000257e8db9800
}

Java Threads: ( => current thread )
  0x00000257c5c30000 JavaThread "main" [_thread_blocked, id=19784, stack(0x000000d908900000,0x000000d908a00000)]
  0x00000257e67c2800 JavaThread "Reference Handler" daemon [_thread_blocked, id=19884, stack(0x000000d909000000,0x000000d909100000)]
  0x00000257e67c5800 JavaThread "Finalizer" daemon [_thread_blocked, id=19888, stack(0x000000d909100000,0x000000d909200000)]
  0x00000257e70ab800 JavaThread "Signal Dispatcher" daemon [_thread_blocked, id=19892, stack(0x000000d909200000,0x000000d909300000)]
  0x00000257e70ae800 JavaThread "Attach Listener" daemon [_thread_blocked, id=19896, stack(0x000000d909300000,0x000000d909400000)]
  0x00000257e70b1000 JavaThread "Service Thread" daemon [_thread_blocked, id=19900, stack(0x000000d909400000,0x000000d909500000)]
=>0x00000257e70b4000 JavaThread "C2 CompilerThread0" daemon [_thread_in_native, id=19904, stack(0x000000d909500000,0x000000d909600000)]
  0x00000257e70d9000 JavaThread "C1 CompilerThread0" daemon [_thread_blocked, id=19908, stack(0x000000d909600000,0x000000d909700000)]
  0x00000257e7123000 JavaThread "Sweeper thread" daemon [_thread_blocked, id=19912, stack(0x000000d909700000,0x000000d909800000)]
  0x00000257e725b000 JavaThread "Common-Cleaner" daemon [_thread_blocked, id=19928, stack(0x000000d909900000,0x000000d909a00000)]
  0x00000257e9c2a800 JavaThread "grpc-nio-worker-ELG-4-1" daemon [_thread_in_native, id=20348, stack(0x000000d909e00000,0x000000d909f00000)]
  0x00000257e8d3c800 JavaThread "grpc-default-executor-0" daemon [_thread_in_native, id=20352, stack(0x000000d90a000000,0x000000d90a100000)]
  0x00000257e9113000 JavaThread "Monitor" [_thread_in_native, id=20404, stack(0x000000d90a100000,0x000000d90a200000)]
  0x00000257e8db9800 JavaThread "Running adb" [_thread_in_native, id=20420, stack(0x000000d90a200000,0x000000d90a300000)]

Other Threads:
  0x00000257e67bf800 VMThread "VM Thread" [stack: 0x000000d908f00000,0x000000d909000000] [id=19880]
  0x00000257e7244000 WatcherThread [stack: 0x000000d909800000,0x000000d909900000] [id=19924]
  0x00000257c5c47000 GCTaskThread "GC Thread#0" [stack: 0x000000d908a00000,0x000000d908b00000] [id=19804]
  0x00000257e78e6800 GCTaskThread "GC Thread#1" [stack: 0x000000d909a00000,0x000000d909b00000] [id=20264]
  0x00000257e78e7000 GCTaskThread "GC Thread#2" [stack: 0x000000d909b00000,0x000000d909c00000] [id=20268]
  0x00000257e79d1000 GCTaskThread "GC Thread#3" [stack: 0x000000d909c00000,0x000000d909d00000] [id=20272]
  0x00000257e79d2000 GCTaskThread "GC Thread#4" [stack: 0x000000d909d00000,0x000000d909e00000] [id=20276]
  0x00000257c5ca0000 ConcurrentGCThread "G1 Main Marker" [stack: 0x000000d908b00000,0x000000d908c00000] [id=19808]
  0x00000257c5ca2800 ConcurrentGCThread "G1 Conc#0" [stack: 0x000000d908c00000,0x000000d908d00000] [id=19812]
  0x00000257e7abf000 ConcurrentGCThread "G1 Conc#1" [stack: 0x000000d909f00000,0x000000d90a000000] [id=20308]
  0x00000257e6682000 ConcurrentGCThread "G1 Refine#0" [stack: 0x000000d908d00000,0x000000d908e00000] [id=19816]
  0x00000257e6685000 ConcurrentGCThread "G1 Young RemSet Sampling" [stack: 0x000000d908e00000,0x000000d908f00000] [id=19820]

Threads with active compile tasks:
C2 CompilerThread0   6651 1717   !   4       jdk.internal.loader.BuiltinClassLoader::loadClassOrNull (143 bytes)

VM state:not at safepoint (normal execution)

VM Mutex/Monitor currently owned by a thread: None

Heap address: 0x0000000708e00000, size: 3954 MB, Compressed Oops mode: Zero based, Oop shift amount: 3
Narrow klass base: 0x0000000800000000, Narrow klass shift: 0
Compressed class space size: 1073741824 Address: 0x0000000800000000

Heap:
 garbage-first heap   total 253952K, used 36909K [0x0000000708e00000, 0x0000000800000000)
  region size 1024K, 35 young (35840K), 6 survivors (6144K)
 Metaspace       used 27664K, capacity 28315K, committed 28592K, reserved 1075200K
  class space    used 3089K, capacity 3255K, committed 3328K, reserved 1048576K
Heap Regions: E=young(eden), S=young(survivor), O=old, HS=humongous(starts), HC=humongous(continues), CS=collection set, F=free, A=archive, TAMS=top-at-mark-start (previous, next)
|   0|0x0000000708e00000, 0x0000000708f00000, 0x0000000708f00000|100%|HS|  |TAMS 0x0000000708f00000, 0x0000000708e00000| Complete 
|   1|0x0000000708f00000, 0x0000000709000000, 0x0000000709000000|100%|HS|  |TAMS 0x0000000709000000, 0x0000000708f00000| Complete 
|   2|0x0000000709000000, 0x0000000709100000, 0x0000000709100000|100%|HC|  |TAMS 0x0000000709100000, 0x0000000709000000| Complete 
|   3|0x0000000709100000, 0x0000000709100000, 0x0000000709200000|  0%| F|  |TAMS 0x0000000709100000, 0x0000000709100000| Untracked 
|   4|0x0000000709200000, 0x000000070920b600, 0x0000000709300000|  4%| O|  |TAMS 0x000000070920b600, 0x0000000709200000| Untracked 
|   5|0x0000000709300000, 0x0000000709300000, 0x0000000709400000|  0%| F|  |TAMS 0x0000000709300000, 0x0000000709300000| Untracked 
|   6|0x0000000709400000, 0x0000000709400000, 0x0000000709500000|  0%| F|  |TAMS 0x0000000709400000, 0x0000000709400000| Untracked 
|   7|0x0000000709500000, 0x0000000709500000, 0x0000000709600000|  0%| F|  |TAMS 0x0000000709500000, 0x0000000709500000| Untracked 
|   8|0x0000000709600000, 0x0000000709600000, 0x0000000709700000|  0%| F|  |TAMS 0x0000000709600000, 0x0000000709600000| Untracked 
|   9|0x0000000709700000, 0x0000000709700000, 0x0000000709800000|  0%| F|  |TAMS 0x0000000709700000, 0x0000000709700000| Untracked 
|  10|0x0000000709800000, 0x0000000709800000, 0x0000000709900000|  0%| F|  |TAMS 0x0000000709800000, 0x0000000709800000| Untracked 
|  11|0x0000000709900000, 0x0000000709900000, 0x0000000709a00000|  0%| F|  |TAMS 0x0000000709900000, 0x0000000709900000| Untracked 
|  12|0x0000000709a00000, 0x0000000709a00000, 0x0000000709b00000|  0%| F|  |TAMS 0x0000000709a00000, 0x0000000709a00000| Untracked 
|  13|0x0000000709b00000, 0x0000000709b00000, 0x0000000709c00000|  0%| F|  |TAMS 0x0000000709b00000, 0x0000000709b00000| Untracked 
|  14|0x0000000709c00000, 0x0000000709c00000, 0x0000000709d00000|  0%| F|  |TAMS 0x0000000709c00000, 0x0000000709c00000| Untracked 
|  15|0x0000000709d00000, 0x0000000709d00000, 0x0000000709e00000|  0%| F|  |TAMS 0x0000000709d00000, 0x0000000709d00000| Untracked 
|  16|0x0000000709e00000, 0x0000000709e00000, 0x0000000709f00000|  0%| F|  |TAMS 0x0000000709e00000, 0x0000000709e00000| Untracked 
|  17|0x0000000709f00000, 0x0000000709f00000, 0x000000070a000000|  0%| F|  |TAMS 0x0000000709f00000, 0x0000000709f00000| Untracked 
|  18|0x000000070a000000, 0x000000070a000000, 0x000000070a100000|  0%| F|  |TAMS 0x000000070a000000, 0x000000070a000000| Untracked 
|  19|0x000000070a100000, 0x000000070a100000, 0x000000070a200000|  0%| F|  |TAMS 0x000000070a100000, 0x000000070a100000| Untracked 
|  20|0x000000070a200000, 0x000000070a200000, 0x000000070a300000|  0%| F|  |TAMS 0x000000070a200000, 0x000000070a200000| Untracked 
|  21|0x000000070a300000, 0x000000070a300000, 0x000000070a400000|  0%| F|  |TAMS 0x000000070a300000, 0x000000070a300000| Untracked 
|  22|0x000000070a400000, 0x000000070a400000, 0x000000070a500000|  0%| F|  |TAMS 0x000000070a400000, 0x000000070a400000| Untracked 
|  23|0x000000070a500000, 0x000000070a500000, 0x000000070a600000|  0%| F|  |TAMS 0x000000070a500000, 0x000000070a500000| Untracked 
|  24|0x000000070a600000, 0x000000070a600000, 0x000000070a700000|  0%| F|  |TAMS 0x000000070a600000, 0x000000070a600000| Untracked 
|  25|0x000000070a700000, 0x000000070a700000, 0x000000070a800000|  0%| F|  |TAMS 0x000000070a700000, 0x000000070a700000| Untracked 
|  26|0x000000070a800000, 0x000000070a800000, 0x000000070a900000|  0%| F|  |TAMS 0x000000070a800000, 0x000000070a800000| Untracked 
|  27|0x000000070a900000, 0x000000070a900000, 0x000000070aa00000|  0%| F|  |TAMS 0x000000070a900000, 0x000000070a900000| Untracked 
|  28|0x000000070aa00000, 0x000000070aa00000, 0x000000070ab00000|  0%| F|  |TAMS 0x000000070aa00000, 0x000000070aa00000| Untracked 
|  29|0x000000070ab00000, 0x000000070ab00000, 0x000000070ac00000|  0%| F|  |TAMS 0x000000070ab00000, 0x000000070ab00000| Untracked 
|  30|0x000000070ac00000, 0x000000070ac00000, 0x000000070ad00000|  0%| F|  |TAMS 0x000000070ac00000, 0x000000070ac00000| Untracked 
|  31|0x000000070ad00000, 0x000000070ad00000, 0x000000070ae00000|  0%| F|  |TAMS 0x000000070ad00000, 0x000000070ad00000| Untracked 
|  32|0x000000070ae00000, 0x000000070ae00000, 0x000000070af00000|  0%| F|  |TAMS 0x000000070ae00000, 0x000000070ae00000| Untracked 
|  33|0x000000070af00000, 0x000000070af00000, 0x000000070b000000|  0%| F|  |TAMS 0x000000070af00000, 0x000000070af00000| Untracked 
|  34|0x000000070b000000, 0x000000070b000000, 0x000000070b100000|  0%| F|  |TAMS 0x000000070b000000, 0x000000070b000000| Untracked 
|  35|0x000000070b100000, 0x000000070b100000, 0x000000070b200000|  0%| F|  |TAMS 0x000000070b100000, 0x000000070b100000| Untracked 
|  36|0x000000070b200000, 0x000000070b200000, 0x000000070b300000|  0%| F|  |TAMS 0x000000070b200000, 0x000000070b200000| Untracked 
|  37|0x000000070b300000, 0x000000070b300000, 0x000000070b400000|  0%| F|  |TAMS 0x000000070b300000, 0x000000070b300000| Untracked 
|  38|0x000000070b400000, 0x000000070b400000, 0x000000070b500000|  0%| F|  |TAMS 0x000000070b400000, 0x000000070b400000| Untracked 
|  39|0x000000070b500000, 0x000000070b500000, 0x000000070b600000|  0%| F|  |TAMS 0x000000070b500000, 0x000000070b500000| Untracked 
|  40|0x000000070b600000, 0x000000070b600000, 0x000000070b700000|  0%| F|  |TAMS 0x000000070b600000, 0x000000070b600000| Untracked 
|  41|0x000000070b700000, 0x000000070b700000, 0x000000070b800000|  0%| F|  |TAMS 0x000000070b700000, 0x000000070b700000| Untracked 
|  42|0x000000070b800000, 0x000000070b800000, 0x000000070b900000|  0%| F|  |TAMS 0x000000070b800000, 0x000000070b800000| Untracked 
|  43|0x000000070b900000, 0x000000070b900000, 0x000000070ba00000|  0%| F|  |TAMS 0x000000070b900000, 0x000000070b900000| Untracked 
|  44|0x000000070ba00000, 0x000000070ba00000, 0x000000070bb00000|  0%| F|  |TAMS 0x000000070ba00000, 0x000000070ba00000| Untracked 
|  45|0x000000070bb00000, 0x000000070bb00000, 0x000000070bc00000|  0%| F|  |TAMS 0x000000070bb00000, 0x000000070bb00000| Untracked 
|  46|0x000000070bc00000, 0x000000070bc00000, 0x000000070bd00000|  0%| F|  |TAMS 0x000000070bc00000, 0x000000070bc00000| Untracked 
|  47|0x000000070bd00000, 0x000000070bd00000, 0x000000070be00000|  0%| F|  |TAMS 0x000000070bd00000, 0x000000070bd00000| Untracked 
|  48|0x000000070be00000, 0x000000070be00000, 0x000000070bf00000|  0%| F|  |TAMS 0x000000070be00000, 0x000000070be00000| Untracked 
|  49|0x000000070bf00000, 0x000000070bf00000, 0x000000070c000000|  0%| F|  |TAMS 0x000000070bf00000, 0x000000070bf00000| Untracked 
|  50|0x000000070c000000, 0x000000070c000000, 0x000000070c100000|  0%| F|  |TAMS 0x000000070c000000, 0x000000070c000000| Untracked 
|  51|0x000000070c100000, 0x000000070c100000, 0x000000070c200000|  0%| F|  |TAMS 0x000000070c100000, 0x000000070c100000| Untracked 
|  52|0x000000070c200000, 0x000000070c200000, 0x000000070c300000|  0%| F|  |TAMS 0x000000070c200000, 0x000000070c200000| Untracked 
|  53|0x000000070c300000, 0x000000070c300000, 0x000000070c400000|  0%| F|  |TAMS 0x000000070c300000, 0x000000070c300000| Untracked 
|  54|0x000000070c400000, 0x000000070c400000, 0x000000070c500000|  0%| F|  |TAMS 0x000000070c400000, 0x000000070c400000| Untracked 
|  55|0x000000070c500000, 0x000000070c500000, 0x000000070c600000|  0%| F|  |TAMS 0x000000070c500000, 0x000000070c500000| Untracked 
|  56|0x000000070c600000, 0x000000070c600000, 0x000000070c700000|  0%| F|  |TAMS 0x000000070c600000, 0x000000070c600000| Untracked 
|  57|0x000000070c700000, 0x000000070c700000, 0x000000070c800000|  0%| F|  |TAMS 0x000000070c700000, 0x000000070c700000| Untracked 
|  58|0x000000070c800000, 0x000000070c800000, 0x000000070c900000|  0%| F|  |TAMS 0x000000070c800000, 0x000000070c800000| Untracked 
|  59|0x000000070c900000, 0x000000070c900000, 0x000000070ca00000|  0%| F|  |TAMS 0x000000070c900000, 0x000000070c900000| Untracked 
|  60|0x000000070ca00000, 0x000000070ca00000, 0x000000070cb00000|  0%| F|  |TAMS 0x000000070ca00000, 0x000000070ca00000| Untracked 
|  61|0x000000070cb00000, 0x000000070cb00000, 0x000000070cc00000|  0%| F|  |TAMS 0x000000070cb00000, 0x000000070cb00000| Untracked 
|  62|0x000000070cc00000, 0x000000070cc00000, 0x000000070cd00000|  0%| F|  |TAMS 0x000000070cc00000, 0x000000070cc00000| Untracked 
|  63|0x000000070cd00000, 0x000000070cd00000, 0x000000070ce00000|  0%| F|  |TAMS 0x000000070cd00000, 0x000000070cd00000| Untracked 
|  64|0x000000070ce00000, 0x000000070ce00000, 0x000000070cf00000|  0%| F|  |TAMS 0x000000070ce00000, 0x000000070ce00000| Untracked 
|  65|0x000000070cf00000, 0x000000070cf00000, 0x000000070d000000|  0%| F|  |TAMS 0x000000070cf00000, 0x000000070cf00000| Untracked 
|  66|0x000000070d000000, 0x000000070d000000, 0x000000070d100000|  0%| F|  |TAMS 0x000000070d000000, 0x000000070d000000| Untracked 
|  67|0x000000070d100000, 0x000000070d100000, 0x000000070d200000|  0%| F|  |TAMS 0x000000070d100000, 0x000000070d100000| Untracked 
|  68|0x000000070d200000, 0x000000070d200000, 0x000000070d300000|  0%| F|  |TAMS 0x000000070d200000, 0x000000070d200000| Untracked 
|  69|0x000000070d300000, 0x000000070d300000, 0x000000070d400000|  0%| F|  |TAMS 0x000000070d300000, 0x000000070d300000| Untracked 
|  70|0x000000070d400000, 0x000000070d400000, 0x000000070d500000|  0%| F|  |TAMS 0x000000070d400000, 0x000000070d400000| Untracked 
|  71|0x000000070d500000, 0x000000070d500000, 0x000000070d600000|  0%| F|  |TAMS 0x000000070d500000, 0x000000070d500000| Untracked 
|  72|0x000000070d600000, 0x000000070d600000, 0x000000070d700000|  0%| F|  |TAMS 0x000000070d600000, 0x000000070d600000| Untracked 
|  73|0x000000070d700000, 0x000000070d700000, 0x000000070d800000|  0%| F|  |TAMS 0x000000070d700000, 0x000000070d700000| Untracked 
|  74|0x000000070d800000, 0x000000070d800000, 0x000000070d900000|  0%| F|  |TAMS 0x000000070d800000, 0x000000070d800000| Untracked 
|  75|0x000000070d900000, 0x000000070d900000, 0x000000070da00000|  0%| F|  |TAMS 0x000000070d900000, 0x000000070d900000| Untracked 
|  76|0x000000070da00000, 0x000000070da00000, 0x000000070db00000|  0%| F|  |TAMS 0x000000070da00000, 0x000000070da00000| Untracked 
|  77|0x000000070db00000, 0x000000070db00000, 0x000000070dc00000|  0%| F|  |TAMS 0x000000070db00000, 0x000000070db00000| Untracked 
|  78|0x000000070dc00000, 0x000000070dc00000, 0x000000070dd00000|  0%| F|  |TAMS 0x000000070dc00000, 0x000000070dc00000| Untracked 
|  79|0x000000070dd00000, 0x000000070dd00000, 0x000000070de00000|  0%| F|  |TAMS 0x000000070dd00000, 0x000000070dd00000| Untracked 
|  80|0x000000070de00000, 0x000000070de00000, 0x000000070df00000|  0%| F|  |TAMS 0x000000070de00000, 0x000000070de00000| Untracked 
|  81|0x000000070df00000, 0x000000070df00000, 0x000000070e000000|  0%| F|  |TAMS 0x000000070df00000, 0x000000070df00000| Untracked 
|  82|0x000000070e000000, 0x000000070e000000, 0x000000070e100000|  0%| F|  |TAMS 0x000000070e000000, 0x000000070e000000| Untracked 
|  83|0x000000070e100000, 0x000000070e100000, 0x000000070e200000|  0%| F|  |TAMS 0x000000070e100000, 0x000000070e100000| Untracked 
|  84|0x000000070e200000, 0x000000070e200000, 0x000000070e300000|  0%| F|  |TAMS 0x000000070e200000, 0x000000070e200000| Untracked 
|  85|0x000000070e300000, 0x000000070e300000, 0x000000070e400000|  0%| F|  |TAMS 0x000000070e300000, 0x000000070e300000| Untracked 
|  86|0x000000070e400000, 0x000000070e400000, 0x000000070e500000|  0%| F|  |TAMS 0x000000070e400000, 0x000000070e400000| Untracked 
|  87|0x000000070e500000, 0x000000070e500000, 0x000000070e600000|  0%| F|  |TAMS 0x000000070e500000, 0x000000070e500000| Untracked 
|  88|0x000000070e600000, 0x000000070e600000, 0x000000070e700000|  0%| F|  |TAMS 0x000000070e600000, 0x000000070e600000| Untracked 
|  89|0x000000070e700000, 0x000000070e700000, 0x000000070e800000|  0%| F|  |TAMS 0x000000070e700000, 0x000000070e700000| Untracked 
|  90|0x000000070e800000, 0x000000070e800000, 0x000000070e900000|  0%| F|  |TAMS 0x000000070e800000, 0x000000070e800000| Untracked 
|  91|0x000000070e900000, 0x000000070e900000, 0x000000070ea00000|  0%| F|  |TAMS 0x000000070e900000, 0x000000070e900000| Untracked 
|  92|0x000000070ea00000, 0x000000070ea00000, 0x000000070eb00000|  0%| F|  |TAMS 0x000000070ea00000, 0x000000070ea00000| Untracked 
|  93|0x000000070eb00000, 0x000000070eb00000, 0x000000070ec00000|  0%| F|  |TAMS 0x000000070eb00000, 0x000000070eb00000| Untracked 
|  94|0x000000070ec00000, 0x000000070ec00000, 0x000000070ed00000|  0%| F|  |TAMS 0x000000070ec00000, 0x000000070ec00000| Untracked 
|  95|0x000000070ed00000, 0x000000070ed00000, 0x000000070ee00000|  0%| F|  |TAMS 0x000000070ed00000, 0x000000070ed00000| Untracked 
|  96|0x000000070ee00000, 0x000000070ee00000, 0x000000070ef00000|  0%| F|  |TAMS 0x000000070ee00000, 0x000000070ee00000| Untracked 
|  97|0x000000070ef00000, 0x000000070ef00000, 0x000000070f000000|  0%| F|  |TAMS 0x000000070ef00000, 0x000000070ef00000| Untracked 
|  98|0x000000070f000000, 0x000000070f000000, 0x000000070f100000|  0%| F|  |TAMS 0x000000070f000000, 0x000000070f000000| Untracked 
|  99|0x000000070f100000, 0x000000070f100000, 0x000000070f200000|  0%| F|  |TAMS 0x000000070f100000, 0x000000070f100000| Untracked 
| 100|0x000000070f200000, 0x000000070f200000, 0x000000070f300000|  0%| F|  |TAMS 0x000000070f200000, 0x000000070f200000| Untracked 
| 101|0x000000070f300000, 0x000000070f300000, 0x000000070f400000|  0%| F|  |TAMS 0x000000070f300000, 0x000000070f300000| Untracked 
| 102|0x000000070f400000, 0x000000070f400000, 0x000000070f500000|  0%| F|  |TAMS 0x000000070f400000, 0x000000070f400000| Untracked 
| 103|0x000000070f500000, 0x000000070f500000, 0x000000070f600000|  0%| F|  |TAMS 0x000000070f500000, 0x000000070f500000| Untracked 
| 104|0x000000070f600000, 0x000000070f600000, 0x000000070f700000|  0%| F|  |TAMS 0x000000070f600000, 0x000000070f600000| Untracked 
| 105|0x000000070f700000, 0x000000070f700000, 0x000000070f800000|  0%| F|  |TAMS 0x000000070f700000, 0x000000070f700000| Untracked 
| 106|0x000000070f800000, 0x000000070f800000, 0x000000070f900000|  0%| F|  |TAMS 0x000000070f800000, 0x000000070f800000| Untracked 
| 107|0x000000070f900000, 0x000000070f900000, 0x000000070fa00000|  0%| F|  |TAMS 0x000000070f900000, 0x000000070f900000| Untracked 
| 108|0x000000070fa00000, 0x000000070fa00000, 0x000000070fb00000|  0%| F|  |TAMS 0x000000070fa00000, 0x000000070fa00000| Untracked 
| 109|0x000000070fb00000, 0x000000070fb00000, 0x000000070fc00000|  0%| F|  |TAMS 0x000000070fb00000, 0x000000070fb00000| Untracked 
| 110|0x000000070fc00000, 0x000000070fc00000, 0x000000070fd00000|  0%| F|  |TAMS 0x000000070fc00000, 0x000000070fc00000| Untracked 
| 111|0x000000070fd00000, 0x000000070fd00000, 0x000000070fe00000|  0%| F|  |TAMS 0x000000070fd00000, 0x000000070fd00000| Untracked 
| 112|0x000000070fe00000, 0x000000070fe00000, 0x000000070ff00000|  0%| F|  |TAMS 0x000000070fe00000, 0x000000070fe00000| Untracked 
| 113|0x000000070ff00000, 0x000000070ff00000, 0x0000000710000000|  0%| F|  |TAMS 0x000000070ff00000, 0x000000070ff00000| Untracked 
| 114|0x0000000710000000, 0x0000000710000000, 0x0000000710100000|  0%| F|  |TAMS 0x0000000710000000, 0x0000000710000000| Untracked 
| 115|0x0000000710100000, 0x0000000710100000, 0x0000000710200000|  0%| F|  |TAMS 0x0000000710100000, 0x0000000710100000| Untracked 
| 116|0x0000000710200000, 0x0000000710200000, 0x0000000710300000|  0%| F|  |TAMS 0x0000000710200000, 0x0000000710200000| Untracked 
| 117|0x0000000710300000, 0x0000000710300000, 0x0000000710400000|  0%| F|  |TAMS 0x0000000710300000, 0x0000000710300000| Untracked 
| 118|0x0000000710400000, 0x0000000710400000, 0x0000000710500000|  0%| F|  |TAMS 0x0000000710400000, 0x0000000710400000| Untracked 
| 119|0x0000000710500000, 0x0000000710500000, 0x0000000710600000|  0%| F|  |TAMS 0x0000000710500000, 0x0000000710500000| Untracked 
| 120|0x0000000710600000, 0x0000000710600000, 0x0000000710700000|  0%| F|  |TAMS 0x0000000710600000, 0x0000000710600000| Untracked 
| 121|0x0000000710700000, 0x0000000710700000, 0x0000000710800000|  0%| F|  |TAMS 0x0000000710700000, 0x0000000710700000| Untracked 
| 122|0x0000000710800000, 0x0000000710800000, 0x0000000710900000|  0%| F|  |TAMS 0x0000000710800000, 0x0000000710800000| Untracked 
| 123|0x0000000710900000, 0x0000000710900000, 0x0000000710a00000|  0%| F|  |TAMS 0x0000000710900000, 0x0000000710900000| Untracked 
| 124|0x0000000710a00000, 0x0000000710a00000, 0x0000000710b00000|  0%| F|  |TAMS 0x0000000710a00000, 0x0000000710a00000| Untracked 
| 125|0x0000000710b00000, 0x0000000710b00000, 0x0000000710c00000|  0%| F|  |TAMS 0x0000000710b00000, 0x0000000710b00000| Untracked 
| 126|0x0000000710c00000, 0x0000000710c00000, 0x0000000710d00000|  0%| F|  |TAMS 0x0000000710c00000, 0x0000000710c00000| Untracked 
| 127|0x0000000710d00000, 0x0000000710d00000, 0x0000000710e00000|  0%| F|  |TAMS 0x0000000710d00000, 0x0000000710d00000| Untracked 
| 128|0x0000000710e00000, 0x0000000710e00000, 0x0000000710f00000|  0%| F|  |TAMS 0x0000000710e00000, 0x0000000710e00000| Untracked 
| 129|0x0000000710f00000, 0x0000000710f00000, 0x0000000711000000|  0%| F|  |TAMS 0x0000000710f00000, 0x0000000710f00000| Untracked 
| 130|0x0000000711000000, 0x0000000711000000, 0x0000000711100000|  0%| F|  |TAMS 0x0000000711000000, 0x0000000711000000| Untracked 
| 131|0x0000000711100000, 0x0000000711100000, 0x0000000711200000|  0%| F|  |TAMS 0x0000000711100000, 0x0000000711100000| Untracked 
| 132|0x0000000711200000, 0x0000000711200000, 0x0000000711300000|  0%| F|  |TAMS 0x0000000711200000, 0x0000000711200000| Untracked 
| 133|0x0000000711300000, 0x0000000711300000, 0x0000000711400000|  0%| F|  |TAMS 0x0000000711300000, 0x0000000711300000| Untracked 
| 134|0x0000000711400000, 0x0000000711400000, 0x0000000711500000|  0%| F|  |TAMS 0x0000000711400000, 0x0000000711400000| Untracked 
| 135|0x0000000711500000, 0x0000000711500000, 0x0000000711600000|  0%| F|  |TAMS 0x0000000711500000, 0x0000000711500000| Untracked 
| 136|0x0000000711600000, 0x0000000711600000, 0x0000000711700000|  0%| F|  |TAMS 0x0000000711600000, 0x0000000711600000| Untracked 
| 137|0x0000000711700000, 0x0000000711700000, 0x0000000711800000|  0%| F|  |TAMS 0x0000000711700000, 0x0000000711700000| Untracked 
| 138|0x0000000711800000, 0x0000000711800000, 0x0000000711900000|  0%| F|  |TAMS 0x0000000711800000, 0x0000000711800000| Untracked 
| 139|0x0000000711900000, 0x0000000711900000, 0x0000000711a00000|  0%| F|  |TAMS 0x0000000711900000, 0x0000000711900000| Untracked 
| 140|0x0000000711a00000, 0x0000000711a00000, 0x0000000711b00000|  0%| F|  |TAMS 0x0000000711a00000, 0x0000000711a00000| Untracked 
| 141|0x0000000711b00000, 0x0000000711b00000, 0x0000000711c00000|  0%| F|  |TAMS 0x0000000711b00000, 0x0000000711b00000| Untracked 
| 142|0x0000000711c00000, 0x0000000711c00000, 0x0000000711d00000|  0%| F|  |TAMS 0x0000000711c00000, 0x0000000711c00000| Untracked 
| 143|0x0000000711d00000, 0x0000000711d00000, 0x0000000711e00000|  0%| F|  |TAMS 0x0000000711d00000, 0x0000000711d00000| Untracked 
| 144|0x0000000711e00000, 0x0000000711e00000, 0x0000000711f00000|  0%| F|  |TAMS 0x0000000711e00000, 0x0000000711e00000| Untracked 
| 145|0x0000000711f00000, 0x0000000711f00000, 0x0000000712000000|  0%| F|  |TAMS 0x0000000711f00000, 0x0000000711f00000| Untracked 
| 146|0x0000000712000000, 0x0000000712000000, 0x0000000712100000|  0%| F|  |TAMS 0x0000000712000000, 0x0000000712000000| Untracked 
| 147|0x0000000712100000, 0x0000000712100000, 0x0000000712200000|  0%| F|  |TAMS 0x0000000712100000, 0x0000000712100000| Untracked 
| 148|0x0000000712200000, 0x0000000712200000, 0x0000000712300000|  0%| F|  |TAMS 0x0000000712200000, 0x0000000712200000| Untracked 
| 149|0x0000000712300000, 0x0000000712300000, 0x0000000712400000|  0%| F|  |TAMS 0x0000000712300000, 0x0000000712300000| Untracked 
| 150|0x0000000712400000, 0x0000000712400000, 0x0000000712500000|  0%| F|  |TAMS 0x0000000712400000, 0x0000000712400000| Untracked 
| 151|0x0000000712500000, 0x0000000712500000, 0x0000000712600000|  0%| F|  |TAMS 0x0000000712500000, 0x0000000712500000| Untracked 
| 152|0x0000000712600000, 0x0000000712600000, 0x0000000712700000|  0%| F|  |TAMS 0x0000000712600000, 0x0000000712600000| Untracked 
| 153|0x0000000712700000, 0x0000000712700000, 0x0000000712800000|  0%| F|  |TAMS 0x0000000712700000, 0x0000000712700000| Untracked 
| 154|0x0000000712800000, 0x0000000712800000, 0x0000000712900000|  0%| F|  |TAMS 0x0000000712800000, 0x0000000712800000| Untracked 
| 155|0x0000000712900000, 0x0000000712900000, 0x0000000712a00000|  0%| F|  |TAMS 0x0000000712900000, 0x0000000712900000| Untracked 
| 156|0x0000000712a00000, 0x0000000712a00000, 0x0000000712b00000|  0%| F|  |TAMS 0x0000000712a00000, 0x0000000712a00000| Untracked 
| 157|0x0000000712b00000, 0x0000000712b00000, 0x0000000712c00000|  0%| F|  |TAMS 0x0000000712b00000, 0x0000000712b00000| Untracked 
| 158|0x0000000712c00000, 0x0000000712c00000, 0x0000000712d00000|  0%| F|  |TAMS 0x0000000712c00000, 0x0000000712c00000| Untracked 
| 159|0x0000000712d00000, 0x0000000712d00000, 0x0000000712e00000|  0%| F|  |TAMS 0x0000000712d00000, 0x0000000712d00000| Untracked 
| 160|0x0000000712e00000, 0x0000000712e00000, 0x0000000712f00000|  0%| F|  |TAMS 0x0000000712e00000, 0x0000000712e00000| Untracked 
| 161|0x0000000712f00000, 0x0000000712f00000, 0x0000000713000000|  0%| F|  |TAMS 0x0000000712f00000, 0x0000000712f00000| Untracked 
| 162|0x0000000713000000, 0x0000000713000000, 0x0000000713100000|  0%| F|  |TAMS 0x0000000713000000, 0x0000000713000000| Untracked 
| 163|0x0000000713100000, 0x0000000713100000, 0x0000000713200000|  0%| F|  |TAMS 0x0000000713100000, 0x0000000713100000| Untracked 
| 164|0x0000000713200000, 0x0000000713200000, 0x0000000713300000|  0%| F|  |TAMS 0x0000000713200000, 0x0000000713200000| Untracked 
| 165|0x0000000713300000, 0x0000000713300000, 0x0000000713400000|  0%| F|  |TAMS 0x0000000713300000, 0x0000000713300000| Untracked 
| 166|0x0000000713400000, 0x0000000713400000, 0x0000000713500000|  0%| F|  |TAMS 0x0000000713400000, 0x0000000713400000| Untracked 
| 167|0x0000000713500000, 0x0000000713500000, 0x0000000713600000|  0%| F|  |TAMS 0x0000000713500000, 0x0000000713500000| Untracked 
| 168|0x0000000713600000, 0x0000000713600000, 0x0000000713700000|  0%| F|  |TAMS 0x0000000713600000, 0x0000000713600000| Untracked 
| 169|0x0000000713700000, 0x0000000713700000, 0x0000000713800000|  0%| F|  |TAMS 0x0000000713700000, 0x0000000713700000| Untracked 
| 170|0x0000000713800000, 0x0000000713800000, 0x0000000713900000|  0%| F|  |TAMS 0x0000000713800000, 0x0000000713800000| Untracked 
| 171|0x0000000713900000, 0x0000000713900000, 0x0000000713a00000|  0%| F|  |TAMS 0x0000000713900000, 0x0000000713900000| Untracked 
| 172|0x0000000713a00000, 0x0000000713a00000, 0x0000000713b00000|  0%| F|  |TAMS 0x0000000713a00000, 0x0000000713a00000| Untracked 
| 173|0x0000000713b00000, 0x0000000713b00000, 0x0000000713c00000|  0%| F|  |TAMS 0x0000000713b00000, 0x0000000713b00000| Untracked 
| 174|0x0000000713c00000, 0x0000000713c00000, 0x0000000713d00000|  0%| F|  |TAMS 0x0000000713c00000, 0x0000000713c00000| Untracked 
| 175|0x0000000713d00000, 0x0000000713d00000, 0x0000000713e00000|  0%| F|  |TAMS 0x0000000713d00000, 0x0000000713d00000| Untracked 
| 176|0x0000000713e00000, 0x0000000713e00000, 0x0000000713f00000|  0%| F|  |TAMS 0x0000000713e00000, 0x0000000713e00000| Untracked 
| 177|0x0000000713f00000, 0x0000000713f00000, 0x0000000714000000|  0%| F|  |TAMS 0x0000000713f00000, 0x0000000713f00000| Untracked 
| 178|0x0000000714000000, 0x0000000714000000, 0x0000000714100000|  0%| F|  |TAMS 0x0000000714000000, 0x0000000714000000| Untracked 
| 179|0x0000000714100000, 0x0000000714100000, 0x0000000714200000|  0%| F|  |TAMS 0x0000000714100000, 0x0000000714100000| Untracked 
| 180|0x0000000714200000, 0x0000000714200000, 0x0000000714300000|  0%| F|  |TAMS 0x0000000714200000, 0x0000000714200000| Untracked 
| 181|0x0000000714300000, 0x0000000714300000, 0x0000000714400000|  0%| F|  |TAMS 0x0000000714300000, 0x0000000714300000| Untracked 
| 182|0x0000000714400000, 0x0000000714400000, 0x0000000714500000|  0%| F|  |TAMS 0x0000000714400000, 0x0000000714400000| Untracked 
| 183|0x0000000714500000, 0x0000000714500000, 0x0000000714600000|  0%| F|  |TAMS 0x0000000714500000, 0x0000000714500000| Untracked 
| 184|0x0000000714600000, 0x0000000714600000, 0x0000000714700000|  0%| F|  |TAMS 0x0000000714600000, 0x0000000714600000| Untracked 
| 185|0x0000000714700000, 0x0000000714700000, 0x0000000714800000|  0%| F|  |TAMS 0x0000000714700000, 0x0000000714700000| Untracked 
| 186|0x0000000714800000, 0x0000000714800000, 0x0000000714900000|  0%| F|  |TAMS 0x0000000714800000, 0x0000000714800000| Untracked 
| 187|0x0000000714900000, 0x0000000714900000, 0x0000000714a00000|  0%| F|  |TAMS 0x0000000714900000, 0x0000000714900000| Untracked 
| 188|0x0000000714a00000, 0x0000000714a00000, 0x0000000714b00000|  0%| F|  |TAMS 0x0000000714a00000, 0x0000000714a00000| Untracked 
| 189|0x0000000714b00000, 0x0000000714b00000, 0x0000000714c00000|  0%| F|  |TAMS 0x0000000714b00000, 0x0000000714b00000| Untracked 
| 190|0x0000000714c00000, 0x0000000714c00000, 0x0000000714d00000|  0%| F|  |TAMS 0x0000000714c00000, 0x0000000714c00000| Untracked 
| 191|0x0000000714d00000, 0x0000000714d00000, 0x0000000714e00000|  0%| F|  |TAMS 0x0000000714d00000, 0x0000000714d00000| Untracked 
| 192|0x0000000714e00000, 0x0000000714e00000, 0x0000000714f00000|  0%| F|  |TAMS 0x0000000714e00000, 0x0000000714e00000| Untracked 
| 193|0x0000000714f00000, 0x0000000714f00000, 0x0000000715000000|  0%| F|  |TAMS 0x0000000714f00000, 0x0000000714f00000| Untracked 
| 194|0x0000000715000000, 0x0000000715000000, 0x0000000715100000|  0%| F|  |TAMS 0x0000000715000000, 0x0000000715000000| Untracked 
| 195|0x0000000715100000, 0x0000000715100000, 0x0000000715200000|  0%| F|  |TAMS 0x0000000715100000, 0x0000000715100000| Untracked 
| 196|0x0000000715200000, 0x0000000715200000, 0x0000000715300000|  0%| F|  |TAMS 0x0000000715200000, 0x0000000715200000| Untracked 
| 197|0x0000000715300000, 0x0000000715300000, 0x0000000715400000|  0%| F|  |TAMS 0x0000000715300000, 0x0000000715300000| Untracked 
| 198|0x0000000715400000, 0x0000000715400000, 0x0000000715500000|  0%| F|  |TAMS 0x0000000715400000, 0x0000000715400000| Untracked 
| 199|0x0000000715500000, 0x0000000715500000, 0x0000000715600000|  0%| F|  |TAMS 0x0000000715500000, 0x0000000715500000| Untracked 
| 200|0x0000000715600000, 0x0000000715600000, 0x0000000715700000|  0%| F|  |TAMS 0x0000000715600000, 0x0000000715600000| Untracked 
| 201|0x0000000715700000, 0x0000000715700000, 0x0000000715800000|  0%| F|  |TAMS 0x0000000715700000, 0x0000000715700000| Untracked 
| 202|0x0000000715800000, 0x0000000715800000, 0x0000000715900000|  0%| F|  |TAMS 0x0000000715800000, 0x0000000715800000| Untracked 
| 203|0x0000000715900000, 0x0000000715900000, 0x0000000715a00000|  0%| F|  |TAMS 0x0000000715900000, 0x0000000715900000| Untracked 
| 204|0x0000000715a00000, 0x0000000715a00000, 0x0000000715b00000|  0%| F|  |TAMS 0x0000000715a00000, 0x0000000715a00000| Untracked 
| 205|0x0000000715b00000, 0x0000000715b00000, 0x0000000715c00000|  0%| F|  |TAMS 0x0000000715b00000, 0x0000000715b00000| Untracked 
| 206|0x0000000715c00000, 0x0000000715c00000, 0x0000000715d00000|  0%| F|  |TAMS 0x0000000715c00000, 0x0000000715c00000| Untracked 
| 207|0x0000000715d00000, 0x0000000715d00000, 0x0000000715e00000|  0%| F|  |TAMS 0x0000000715d00000, 0x0000000715d00000| Untracked 
| 208|0x0000000715e00000, 0x0000000715e00000, 0x0000000715f00000|  0%| F|  |TAMS 0x0000000715e00000, 0x0000000715e00000| Untracked 
| 209|0x0000000715f00000, 0x0000000715f00000, 0x0000000716000000|  0%| F|  |TAMS 0x0000000715f00000, 0x0000000715f00000| Untracked 
| 210|0x0000000716000000, 0x0000000716000000, 0x0000000716100000|  0%| F|  |TAMS 0x0000000716000000, 0x0000000716000000| Untracked 
| 211|0x0000000716100000, 0x0000000716100000, 0x0000000716200000|  0%| F|  |TAMS 0x0000000716100000, 0x0000000716100000| Untracked 
| 212|0x0000000716200000, 0x0000000716200000, 0x0000000716300000|  0%| F|  |TAMS 0x0000000716200000, 0x0000000716200000| Untracked 
| 213|0x0000000716300000, 0x000000071637b690, 0x0000000716400000| 48%| E|  |TAMS 0x0000000716300000, 0x0000000716300000| Complete 
| 214|0x0000000716400000, 0x0000000716500000, 0x0000000716500000|100%| E|CS|TAMS 0x0000000716400000, 0x0000000716400000| Complete 
| 215|0x0000000716500000, 0x0000000716600000, 0x0000000716600000|100%| E|CS|TAMS 0x0000000716500000, 0x0000000716500000| Complete 
| 216|0x0000000716600000, 0x0000000716700000, 0x0000000716700000|100%| E|CS|TAMS 0x0000000716600000, 0x0000000716600000| Complete 
| 217|0x0000000716700000, 0x0000000716800000, 0x0000000716800000|100%| E|CS|TAMS 0x0000000716700000, 0x0000000716700000| Complete 
| 218|0x0000000716800000, 0x0000000716900000, 0x0000000716900000|100%| E|CS|TAMS 0x0000000716800000, 0x0000000716800000| Complete 
| 219|0x0000000716900000, 0x0000000716a00000, 0x0000000716a00000|100%| E|CS|TAMS 0x0000000716900000, 0x0000000716900000| Complete 
| 220|0x0000000716a00000, 0x0000000716b00000, 0x0000000716b00000|100%| E|CS|TAMS 0x0000000716a00000, 0x0000000716a00000| Complete 
| 221|0x0000000716b00000, 0x0000000716c00000, 0x0000000716c00000|100%| E|CS|TAMS 0x0000000716b00000, 0x0000000716b00000| Complete 
| 222|0x0000000716c00000, 0x0000000716d00000, 0x0000000716d00000|100%| E|CS|TAMS 0x0000000716c00000, 0x0000000716c00000| Complete 
| 223|0x0000000716d00000, 0x0000000716e00000, 0x0000000716e00000|100%| E|CS|TAMS 0x0000000716d00000, 0x0000000716d00000| Complete 
| 224|0x0000000716e00000, 0x0000000716f00000, 0x0000000716f00000|100%| E|CS|TAMS 0x0000000716e00000, 0x0000000716e00000| Complete 
| 225|0x0000000716f00000, 0x0000000717000000, 0x0000000717000000|100%| S|CS|TAMS 0x0000000716f00000, 0x0000000716f00000| Complete 
| 226|0x0000000717000000, 0x0000000717100000, 0x0000000717100000|100%| S|CS|TAMS 0x0000000717000000, 0x0000000717000000| Complete 
| 227|0x0000000717100000, 0x0000000717200000, 0x0000000717200000|100%| S|CS|TAMS 0x0000000717100000, 0x0000000717100000| Complete 
| 228|0x0000000717200000, 0x0000000717300000, 0x0000000717300000|100%| S|CS|TAMS 0x0000000717200000, 0x0000000717200000| Complete 
| 229|0x0000000717300000, 0x0000000717400000, 0x0000000717400000|100%| S|CS|TAMS 0x0000000717300000, 0x0000000717300000| Complete 
| 230|0x0000000717400000, 0x0000000717500000, 0x0000000717500000|100%| S|CS|TAMS 0x0000000717400000, 0x0000000717400000| Complete 
| 231|0x0000000717500000, 0x0000000717600000, 0x0000000717600000|100%| E|  |TAMS 0x0000000717500000, 0x0000000717500000| Complete 
| 232|0x0000000717600000, 0x0000000717700000, 0x0000000717700000|100%| E|CS|TAMS 0x0000000717600000, 0x0000000717600000| Complete 
| 233|0x0000000717700000, 0x0000000717800000, 0x0000000717800000|100%| E|CS|TAMS 0x0000000717700000, 0x0000000717700000| Complete 
| 234|0x0000000717800000, 0x0000000717900000, 0x0000000717900000|100%| E|CS|TAMS 0x0000000717800000, 0x0000000717800000| Complete 
| 235|0x0000000717900000, 0x0000000717a00000, 0x0000000717a00000|100%| E|CS|TAMS 0x0000000717900000, 0x0000000717900000| Complete 
| 236|0x0000000717a00000, 0x0000000717b00000, 0x0000000717b00000|100%| E|CS|TAMS 0x0000000717a00000, 0x0000000717a00000| Complete 
| 237|0x0000000717b00000, 0x0000000717c00000, 0x0000000717c00000|100%| E|CS|TAMS 0x0000000717b00000, 0x0000000717b00000| Complete 
| 238|0x0000000717c00000, 0x0000000717d00000, 0x0000000717d00000|100%| E|CS|TAMS 0x0000000717c00000, 0x0000000717c00000| Complete 
| 239|0x0000000717d00000, 0x0000000717e00000, 0x0000000717e00000|100%| E|CS|TAMS 0x0000000717d00000, 0x0000000717d00000| Complete 
| 240|0x0000000717e00000, 0x0000000717f00000, 0x0000000717f00000|100%| E|CS|TAMS 0x0000000717e00000, 0x0000000717e00000| Complete 
| 241|0x0000000717f00000, 0x0000000718000000, 0x0000000718000000|100%| E|CS|TAMS 0x0000000717f00000, 0x0000000717f00000| Complete 
| 242|0x0000000718000000, 0x0000000718100000, 0x0000000718100000|100%| E|CS|TAMS 0x0000000718000000, 0x0000000718000000| Complete 
| 243|0x0000000718100000, 0x0000000718200000, 0x0000000718200000|100%| E|CS|TAMS 0x0000000718100000, 0x0000000718100000| Complete 
| 244|0x0000000718200000, 0x0000000718300000, 0x0000000718300000|100%| E|CS|TAMS 0x0000000718200000, 0x0000000718200000| Complete 
| 245|0x0000000718300000, 0x0000000718400000, 0x0000000718400000|100%| E|CS|TAMS 0x0000000718300000, 0x0000000718300000| Complete 
| 246|0x0000000718400000, 0x0000000718500000, 0x0000000718500000|100%| E|CS|TAMS 0x0000000718400000, 0x0000000718400000| Complete 
| 247|0x0000000718500000, 0x0000000718600000, 0x0000000718600000|100%| E|CS|TAMS 0x0000000718500000, 0x0000000718500000| Complete 

Card table byte_map: [0x00000257db130000,0x00000257db8f0000] _byte_map_base: 0x00000257d78e9000

Marking Bits (Prev, Next): (CMBitMap*) 0x00000257c5c8ff00, (CMBitMap*) 0x00000257c5c8fec8
 Prev Bits: [0x00000257dfe80000, 0x00000257e3c48000)
 Next Bits: [0x00000257dc0b0000, 0x00000257dfe78000)

Polling page: 0x00000257c5a30000

Metaspace:

Usage:
  Non-class:     24.47 MB capacity,    24.00 MB ( 98%) used,   446.65 KB (  2%) free+waste,    38.69 KB ( <1%) overhead. 
      Class:      3.18 MB capacity,     3.02 MB ( 95%) used,   148.52 KB (  5%) free+waste,    16.63 KB ( <1%) overhead. 
       Both:     27.65 MB capacity,    27.02 MB ( 98%) used,   595.17 KB (  2%) free+waste,    55.31 KB ( <1%) overhead. 

Virtual space:
  Non-class space:       26.00 MB reserved,      24.67 MB ( 95%) committed 
      Class space:        1.00 GB reserved,       3.25 MB ( <1%) committed 
             Both:        1.03 GB reserved,      27.92 MB (  3%) committed 

Chunk freelists:
   Non-Class:  12.00 KB
       Class:  9.00 KB
        Both:  21.00 KB

MaxMetaspaceSize: 17179869184.00 GB
CompressedClassSpaceSize: 1.00 GB
Initial GC threshold: 20.80 MB
Current GC threshold: 35.08 MB
CDS: off

CodeHeap 'non-profiled nmethods': size=120000Kb used=724Kb max_used=724Kb free=119275Kb
 bounds [0x00000257d29d0000, 0x00000257d2c40000, 0x00000257d9f00000]
CodeHeap 'profiled nmethods': size=120000Kb used=3398Kb max_used=3398Kb free=116601Kb
 bounds [0x00000257cb4a0000, 0x00000257cb800000, 0x00000257d29d0000]
CodeHeap 'non-nmethods': size=5760Kb used=1237Kb max_used=1249Kb free=4522Kb
 bounds [0x00000257caf00000, 0x00000257cb170000, 0x00000257cb4a0000]
 total_blobs=2253 nmethods=1740 adapters=426
 compilation: enabled
              stopped_count=0, restarted_count=0
 full_count=0

Compilation events (20 events):
Event: 6.453 Thread 0x00000257e70d9000 1727       3       jdk.internal.org.objectweb.asm.MethodVisitor::<init> (7 bytes)
Event: 6.453 Thread 0x00000257e70d9000 nmethod 1727 0x00000257cb7df810 code [0x00000257cb7df9e0, 0x00000257cb7dfd28]
Event: 6.453 Thread 0x00000257e70d9000 1728       3       jdk.internal.org.objectweb.asm.MethodWriter::visitMaxs (1144 bytes)
Event: 6.458 Thread 0x00000257e70d9000 nmethod 1728 0x00000257cb7dfe90 code [0x00000257cb7e03a0, 0x00000257cb7e2e68]
Event: 6.459 Thread 0x00000257e70d9000 1729       3       jdk.internal.org.objectweb.asm.MethodWriter::visitEnd (1 bytes)
Event: 6.459 Thread 0x00000257e70d9000 nmethod 1729 0x00000257cb7e4790 code [0x00000257cb7e4940, 0x00000257cb7e4a38]
Event: 6.460 Thread 0x00000257e70d9000 1730       3       jdk.internal.org.objectweb.asm.MethodWriter::getSize (838 bytes)
Event: 6.464 Thread 0x00000257e70d9000 nmethod 1730 0x00000257cb7e4b10 code [0x00000257cb7e4fc0, 0x00000257cb7e6fa8]
Event: 6.466 Thread 0x00000257e70d9000 1731       3       jdk.internal.org.objectweb.asm.MethodWriter::put (1602 bytes)
Event: 6.473 Thread 0x00000257e70d9000 nmethod 1731 0x00000257cb7e7d90 code [0x00000257cb7e8680, 0x00000257cb7ebc18]
Event: 6.552 Thread 0x00000257e70d9000 1736       3       jdk.internal.org.objectweb.asm.MethodWriter::visitFieldInsn (256 bytes)
Event: 6.554 Thread 0x00000257e70d9000 nmethod 1736 0x00000257cb7ed210 code [0x00000257cb7ed480, 0x00000257cb7edfe8]
Event: 6.555 Thread 0x00000257e70d9000 1738       3       jdk.internal.org.objectweb.asm.Label::<init> (5 bytes)
Event: 6.555 Thread 0x00000257e70d9000 nmethod 1738 0x00000257cb7ee390 code [0x00000257cb7ee540, 0x00000257cb7ee698]
Event: 6.555 Thread 0x00000257e70d9000 1739       3       sun.invoke.util.VerifyAccess::isSamePackage (32 bytes)
Event: 6.557 Thread 0x00000257e70d9000 nmethod 1739 0x00000257cb7ee790 code [0x00000257cb7eeaa0, 0x00000257cb7efe68]
Event: 6.558 Thread 0x00000257e70d9000 1740       3       jdk.internal.org.objectweb.asm.Type::getDescriptor (87 bytes)
Event: 6.559 Thread 0x00000257e70d9000 nmethod 1740 0x00000257cb7f0410 code [0x00000257cb7f0640, 0x00000257cb7f0b48]
Event: 6.559 Thread 0x00000257e70d9000 1743       3       jdk.internal.org.objectweb.asm.Type::getDescriptor (18 bytes)
Event: 6.560 Thread 0x00000257e70d9000 nmethod 1743 0x00000257cb7f0d90 code [0x00000257cb7f0fc0, 0x00000257cb7f1638]

GC Heap History (4 events):
Event: 3.668 GC heap before
{Heap before GC invocations=0 (full 0):
 garbage-first heap   total 253952K, used 27648K [0x0000000708e00000, 0x0000000800000000)
  region size 1024K, 24 young (24576K), 0 survivors (0K)
 Metaspace       used 15783K, capacity 16052K, committed 16128K, reserved 1062912K
  class space    used 1679K, capacity 1766K, committed 1792K, reserved 1048576K
}
Event: 3.684 GC heap after
{Heap after GC invocations=1 (full 0):
 garbage-first heap   total 253952K, used 6189K [0x0000000708e00000, 0x0000000800000000)
  region size 1024K, 3 young (3072K), 3 survivors (3072K)
 Metaspace       used 15783K, capacity 16052K, committed 16128K, reserved 1062912K
  class space    used 1679K, capacity 1766K, committed 1792K, reserved 1048576K
}
Event: 4.551 GC heap before
{Heap before GC invocations=1 (full 0):
 garbage-first heap   total 253952K, used 22573K [0x0000000708e00000, 0x0000000800000000)
  region size 1024K, 20 young (20480K), 3 survivors (3072K)
 Metaspace       used 20653K, capacity 21126K, committed 21296K, reserved 1069056K
  class space    used 2211K, capacity 2322K, committed 2432K, reserved 1048576K
}
Event: 4.562 GC heap after
{Heap after GC invocations=2 (full 0):
 garbage-first heap   total 253952K, used 9261K [0x0000000708e00000, 0x0000000800000000)
  region size 1024K, 6 young (6144K), 6 survivors (6144K)
 Metaspace       used 20653K, capacity 21126K, committed 21296K, reserved 1069056K
  class space    used 2211K, capacity 2322K, committed 2432K, reserved 1048576K
}

Deoptimization events (20 events):
Event: 5.588 Thread 0x00000257c5c30000 Uncommon trap: trap_request=0xffffff4d fr.pc=0x00000257d2a36128 relative=0x0000000000000388
Event: 5.588 Thread 0x00000257c5c30000 Uncommon trap: reason=unstable_if action=reinterpret pc=0x00000257d2a36128 method=java.io.ByteArrayInputStream.read([BII)I @ 35 c2
Event: 5.588 Thread 0x00000257c5c30000 DEOPT PACKING pc=0x00000257d2a36128 sp=0x000000d9089f4210
Event: 5.588 Thread 0x00000257c5c30000 DEOPT UNPACKING pc=0x00000257caf4a1af sp=0x000000d9089f41d0 mode 2
Event: 6.116 Thread 0x00000257c5c30000 Uncommon trap: trap_request=0xffffff4d fr.pc=0x00000257d2a77010 relative=0x00000000000001b0
Event: 6.116 Thread 0x00000257c5c30000 Uncommon trap: reason=unstable_if action=reinterpret pc=0x00000257d2a77010 method=java.util.regex.Pattern$BmpCharProperty.match(Ljava/util/regex/Matcher;ILjava/lang/CharSequence;)Z @ 5 c2
Event: 6.116 Thread 0x00000257c5c30000 DEOPT PACKING pc=0x00000257d2a77010 sp=0x000000d9089fd000
Event: 6.116 Thread 0x00000257c5c30000 DEOPT UNPACKING pc=0x00000257caf4a1af sp=0x000000d9089fcfc8 mode 2
Event: 6.251 Thread 0x00000257e9113000 Uncommon trap: trap_request=0xffffff4d fr.pc=0x00000257d2a0fb78 relative=0x00000000000003b8
Event: 6.251 Thread 0x00000257e9113000 Uncommon trap: reason=unstable_if action=reinterpret pc=0x00000257d2a0fb78 method=java.lang.StringLatin1.canEncode(I)Z @ 4 c2
Event: 6.251 Thread 0x00000257e9113000 DEOPT PACKING pc=0x00000257d2a0fb78 sp=0x000000d90a1fe480
Event: 6.251 Thread 0x00000257e9113000 DEOPT UNPACKING pc=0x00000257caf4a1af sp=0x000000d90a1fe3a8 mode 2
Event: 6.251 Thread 0x00000257e9113000 Uncommon trap: trap_request=0xffffff4d fr.pc=0x00000257d2a0f1e0 relative=0x00000000000003a0
Event: 6.251 Thread 0x00000257e9113000 Uncommon trap: reason=unstable_if action=reinterpret pc=0x00000257d2a0f1e0 method=java.lang.AbstractStringBuilder.isLatin1()Z @ 10 c2
Event: 6.251 Thread 0x00000257e9113000 DEOPT PACKING pc=0x00000257d2a0f1e0 sp=0x000000d90a1fe480
Event: 6.251 Thread 0x00000257e9113000 DEOPT UNPACKING pc=0x00000257caf4a1af sp=0x000000d90a1fe410 mode 2
Event: 6.251 Thread 0x00000257e9113000 Uncommon trap: trap_request=0xffffff4d fr.pc=0x00000257d2a1aa78 relative=0x0000000000000058
Event: 6.251 Thread 0x00000257e9113000 Uncommon trap: reason=unstable_if action=reinterpret pc=0x00000257d2a1aa78 method=java.lang.AbstractStringBuilder.isLatin1()Z @ 10 c2
Event: 6.251 Thread 0x00000257e9113000 DEOPT PACKING pc=0x00000257d2a1aa78 sp=0x000000d90a1fe470
Event: 6.251 Thread 0x00000257e9113000 DEOPT UNPACKING pc=0x00000257caf4a1af sp=0x000000d90a1fe400 mode 2

Classes redefined (0 events):
No events

Internal exceptions (20 events):
Event: 4.045 Thread 0x00000257c5c30000 Exception <a 'java/lang/NoSuchMethodError'{0x00000007180fcf48}: 'int java.lang.invoke.DirectMethodHandle$Holder.invokeStaticInit(java.lang.Object, java.lang.Object, java.lang.Object, java.lang.Object)'> (0x00000007180fcf48) thrown at [./src/hotspot/share/interpreter/linkResolver.cpp, line 773]
Event: 4.046 Thread 0x00000257c5c30000 Exception <a 'java/lang/IncompatibleClassChangeError'{0x0000000717f06578}: Found class java.lang.Object, but interface was expected> (0x0000000717f06578) thrown at [./src/hotspot/share/interpreter/linkResolver.cpp, line 839]
Event: 4.048 Thread 0x00000257c5c30000 Exception <a 'java/lang/NoSuchMethodError'{0x0000000717f09be0}: 'void java.lang.invoke.DirectMethodHandle$Holder.invokeStaticInit(java.lang.Object, java.lang.Object)'> (0x0000000717f09be0) thrown at [./src/hotspot/share/interpreter/linkResolver.cpp, line 773]
Event: 4.050 Thread 0x00000257c5c30000 Exception <a 'java/lang/NoSuchMethodError'{0x0000000717f0f7d8}: 'int java.lang.invoke.DirectMethodHandle$Holder.invokeStaticInit(java.lang.Object, java.lang.Object)'> (0x0000000717f0f7d8) thrown at [./src/hotspot/share/interpreter/linkResolver.cpp, line 773]
Event: 4.454 Thread 0x00000257c5c30000 Exception <a 'java/lang/ClassNotFoundException'{0x00000007179ed068}: org/eclipse/jetty/alpn/ALPN> (0x00000007179ed068) thrown at [./src/hotspot/share/classfile/systemDictionary.cpp, line 231]
Event: 4.454 Thread 0x00000257c5c30000 Exception <a 'java/lang/ClassNotFoundException'{0x00000007179ed630}: org/eclipse/jetty/npn/NextProtoNego> (0x00000007179ed630) thrown at [./src/hotspot/share/classfile/systemDictionary.cpp, line 231]
Event: 4.454 Thread 0x00000257c5c30000 Exception <a 'java/lang/ClassNotFoundException'{0x00000007179edbf0}: org/eclipse/jetty/alpn/ALPN> (0x00000007179edbf0) thrown at [./src/hotspot/share/classfile/systemDictionary.cpp, line 231]
Event: 4.454 Thread 0x00000257c5c30000 Exception <a 'java/lang/ClassNotFoundException'{0x00000007179ee1b8}: org/eclipse/jetty/npn/NextProtoNego> (0x00000007179ee1b8) thrown at [./src/hotspot/share/classfile/systemDictionary.cpp, line 231]
Event: 4.742 Thread 0x00000257c5c30000 Exception <a 'java/lang/NoSuchMethodError'{0x000000071832bcd0}: 'java.lang.Object java.lang.invoke.DirectMethodHandle$Holder.invokeStatic(java.lang.Object, java.lang.Object, java.lang.Object, java.lang.Object, java.lang.Object, java.lang.Object, java.lang.Object, int)'> (0x000000071832bcd0) thrown at [./src/hotspot/share/interpreter/linkResolver.cpp, line 773]
Event: 4.771 Thread 0x00000257c5c30000 Exception <a 'java/lang/NoSuchMethodError'{0x0000000718330108}: 'java.lang.Object java.lang.invoke.DirectMethodHandle$Holder.invokeSpecial(java.lang.Object, java.lang.Object, java.lang.Object, java.lang.Object, java.lang.Object, java.lang.Object, java.lang.Object, java.lang.Object, int)'> (0x0000000718330108) thrown at [./src/hotspot/share/interpreter/linkResolver.cpp, line 773]
Event: 5.451 Thread 0x00000257c5c30000 Exception <a 'sun/nio/fs/WindowsException'{0x000000071790bb28}> (0x000000071790bb28) thrown at [./src/hotspot/share/prims/jni.cpp, line 615]
Event: 5.454 Thread 0x00000257c5c30000 Exception <a 'sun/nio/fs/WindowsException'{0x000000071790f980}> (0x000000071790f980) thrown at [./src/hotspot/share/prims/jni.cpp, line 615]
Event: 5.454 Thread 0x00000257c5c30000 Exception <a 'sun/nio/fs/WindowsException'{0x00000007179102c0}> (0x00000007179102c0) thrown at [./src/hotspot/share/prims/jni.cpp, line 615]
Event: 5.462 Thread 0x00000257c5c30000 Exception <a 'sun/nio/fs/WindowsException'{0x0000000717930748}> (0x0000000717930748) thrown at [./src/hotspot/share/prims/jni.cpp, line 615]
Event: 5.462 Thread 0x00000257c5c30000 Exception <a 'sun/nio/fs/WindowsException'{0x0000000717931088}> (0x0000000717931088) thrown at [./src/hotspot/share/prims/jni.cpp, line 615]
Event: 6.438 Thread 0x00000257e8db9800 Exception <a 'java/lang/NoSuchMethodError'{0x00000007163018d0}: 'void java.lang.invoke.DirectMethodHandle$Holder.invokeStatic(java.lang.Object, long)'> (0x00000007163018d0) thrown at [./src/hotspot/share/interpreter/linkResolver.cpp, line 773]
Event: 6.474 Thread 0x00000257e8db9800 Exception <a 'java/lang/NoSuchMethodError'{0x0000000716306838}: 'java.lang.Object java.lang.invoke.DirectMethodHandle$Holder.invokeStatic(java.lang.Object, long)'> (0x0000000716306838) thrown at [./src/hotspot/share/interpreter/linkResolver.cpp, line 773]
Event: 6.552 Thread 0x00000257e8db9800 Exception <a 'java/lang/NoSuchMethodError'{0x00000007163146d0}: 'java.lang.Object java.lang.invoke.DirectMethodHandle$Holder.invokeStaticInit(java.lang.Object, java.lang.Object, long, java.lang.Object)'> (0x00000007163146d0) thrown at [./src/hotspot/share/interpreter/linkResolver.cpp, line 773]
Event: 6.555 Thread 0x00000257e8db9800 Exception <a 'java/lang/NoSuchMethodError'{0x000000071631a318}: 'java.lang.Object java.lang.invoke.DirectMethodHandle$Holder.invokeStatic(java.lang.Object, java.lang.Object, long)'> (0x000000071631a318) thrown at [./src/hotspot/share/interpreter/linkResolver.cpp, line 773]
Event: 6.561 Thread 0x00000257e8db9800 Exception <a 'java/lang/NoSuchMethodError'{0x0000000716320340}: 'java.lang.Object java.lang.invoke.Invokers$Holder.linkToTargetMethod(java.lang.Object, long, java.lang.Object)'> (0x0000000716320340) thrown at [./src/hotspot/share/interpreter/linkResolver.cpp, line 773]

Events (20 events):
Event: 6.262 loading class com/google/common/util/concurrent/AbstractFuture$Waiter done
Event: 6.270 Thread 0x00000257e8db9800 Thread added: 0x00000257e8db9800
Event: 6.270 loading class com/google/common/util/concurrent/OverflowAvoidingLockSupport
Event: 6.270 loading class com/google/common/util/concurrent/OverflowAvoidingLockSupport done
Event: 6.353 loading class java/lang/ProcessBuilder
Event: 6.354 loading class java/lang/ProcessBuilder done
Event: 6.354 loading class java/lang/ProcessImpl
Event: 6.354 loading class java/lang/ProcessImpl done
Event: 6.437 Executing VM operation: RevokeBias
Event: 6.437 Executing VM operation: RevokeBias done
Event: 6.476 loading class java/lang/ProcessHandleImpl
Event: 6.477 loading class java/lang/ProcessHandle
Event: 6.477 loading class java/lang/ProcessHandle done
Event: 6.477 loading class java/lang/ProcessHandleImpl done
Event: 6.561 loading class java/lang/ProcessImpl$2
Event: 6.561 loading class java/lang/ProcessImpl$2 done
Event: 6.561 loading class java/lang/Process$PipeInputStream
Event: 6.562 loading class java/lang/Process$PipeInputStream done
Event: 6.562 loading class java/lang/ProcessBuilder$NullInputStream
Event: 6.562 loading class java/lang/ProcessBuilder$NullInputStream done


Dynamic libraries:
0x00007ff6da5a0000 - 0x00007ff6da5aa000 	C:\Program Files\Android\Android Studio\jre\bin\java.exe
0x00007ffde3cc0000 - 0x00007ffde3ec9000 	C:\WINDOWS\SYSTEM32\ntdll.dll
0x00007ffde2030000 - 0x00007ffde20ed000 	C:\WINDOWS\System32\KERNEL32.DLL
0x00007ffde11a0000 - 0x00007ffde151c000 	C:\WINDOWS\System32\KERNELBASE.dll
0x00007ffde18e0000 - 0x00007ffde19f1000 	C:\WINDOWS\System32\ucrtbase.dll
0x00007ffda5b00000 - 0x00007ffda5b19000 	C:\Program Files\Android\Android Studio\jre\bin\jli.dll
0x00007ffd9cb70000 - 0x00007ffd9cb87000 	C:\Program Files\Android\Android Studio\jre\bin\VCRUNTIME140.dll
0x00007ffde38c0000 - 0x00007ffde3a6d000 	C:\WINDOWS\System32\USER32.dll
0x00007ffde1b20000 - 0x00007ffde1b46000 	C:\WINDOWS\System32\win32u.dll
0x00007ffde2210000 - 0x00007ffde2239000 	C:\WINDOWS\System32\GDI32.dll
0x00007ffde1750000 - 0x00007ffde1869000 	C:\WINDOWS\System32\gdi32full.dll
0x00007ffde1a00000 - 0x00007ffde1a9d000 	C:\WINDOWS\System32\msvcp_win.dll
0x00007ffdd87a0000 - 0x00007ffdd8a45000 	C:\WINDOWS\WinSxS\amd64_microsoft.windows.common-controls_6595b64144ccf1df_6.0.22000.120_none_9d947278b86cc467\COMCTL32.dll
0x00007ffde3a70000 - 0x00007ffde3b13000 	C:\WINDOWS\System32\msvcrt.dll
0x00007ffde2860000 - 0x00007ffde2891000 	C:\WINDOWS\System32\IMM32.DLL
0x00007ffd8f240000 - 0x00007ffd8f2dd000 	C:\Program Files\Android\Android Studio\jre\bin\msvcp140.dll
0x00007ffd48190000 - 0x00007ffd48c75000 	C:\Program Files\Android\Android Studio\jre\bin\server\jvm.dll
0x00007ffde3b20000 - 0x00007ffde3bce000 	C:\WINDOWS\System32\ADVAPI32.dll
0x00007ffde26e0000 - 0x00007ffde277e000 	C:\WINDOWS\System32\sechost.dll
0x00007ffde3660000 - 0x00007ffde3780000 	C:\WINDOWS\System32\RPCRT4.dll
0x00007ffde2350000 - 0x00007ffde2358000 	C:\WINDOWS\System32\PSAPI.DLL
0x00007ffdcf6d0000 - 0x00007ffdcf6d9000 	C:\WINDOWS\SYSTEM32\WSOCK32.dll
0x00007ffde1fc0000 - 0x00007ffde202f000 	C:\WINDOWS\System32\WS2_32.dll
0x00007ffdd6a90000 - 0x00007ffdd6ac3000 	C:\WINDOWS\SYSTEM32\WINMM.dll
0x00007ffddc2e0000 - 0x00007ffddc2ea000 	C:\WINDOWS\SYSTEM32\VERSION.dll
0x00007ffde0290000 - 0x00007ffde02a8000 	C:\WINDOWS\SYSTEM32\kernel.appcore.dll
0x00007ffdd6330000 - 0x00007ffdd6341000 	C:\Program Files\Android\Android Studio\jre\bin\verify.dll
0x00007ffddb590000 - 0x00007ffddb7b1000 	C:\WINDOWS\SYSTEM32\DBGHELP.DLL
0x00007ffdcf8e0000 - 0x00007ffdcf911000 	C:\WINDOWS\SYSTEM32\dbgcore.DLL
0x00007ffde1aa0000 - 0x00007ffde1b1f000 	C:\WINDOWS\System32\bcryptPrimitives.dll
0x00007ffdbbbc0000 - 0x00007ffdbbbe9000 	C:\Program Files\Android\Android Studio\jre\bin\java.dll
0x00007ffdddb00000 - 0x00007ffdddb0b000 	C:\Program Files\Android\Android Studio\jre\bin\jimage.dll
0x00007ffdd62f0000 - 0x00007ffdd6308000 	C:\Program Files\Android\Android Studio\jre\bin\zip.dll
0x00007ffde28a0000 - 0x00007ffde3058000 	C:\WINDOWS\System32\SHELL32.dll
0x00007ffddf300000 - 0x00007ffddfb68000 	C:\WINDOWS\SYSTEM32\windows.storage.dll
0x00007ffde2360000 - 0x00007ffde26d9000 	C:\WINDOWS\System32\combase.dll
0x00007ffddf190000 - 0x00007ffddf2f6000 	C:\WINDOWS\SYSTEM32\wintypes.dll
0x00007ffde20f0000 - 0x00007ffde21da000 	C:\WINDOWS\System32\SHCORE.dll
0x00007ffde3780000 - 0x00007ffde37dd000 	C:\WINDOWS\System32\shlwapi.dll
0x00007ffde10d0000 - 0x00007ffde10f1000 	C:\WINDOWS\SYSTEM32\profapi.dll
0x00007ffdd6210000 - 0x00007ffdd622a000 	C:\Program Files\Android\Android Studio\jre\bin\net.dll
0x00007ffddc9a0000 - 0x00007ffddcaac000 	C:\WINDOWS\SYSTEM32\WINHTTP.dll
0x00007ffde06c0000 - 0x00007ffde0727000 	C:\WINDOWS\system32\mswsock.dll
0x00007ffdd5a50000 - 0x00007ffdd5a64000 	C:\Program Files\Android\Android Studio\jre\bin\nio.dll
0x00007ffddd760000 - 0x00007ffddd76a000 	C:\Program Files\Android\Android Studio\jre\bin\management.dll
0x00007ffddcda0000 - 0x00007ffddcdad000 	C:\Program Files\Android\Android Studio\jre\bin\management_ext.dll
0x00007ffde0900000 - 0x00007ffde0918000 	C:\WINDOWS\SYSTEM32\CRYPTSP.dll
0x00007ffde01f0000 - 0x00007ffde0225000 	C:\WINDOWS\system32\rsaenh.dll
0x00007ffde07b0000 - 0x00007ffde07d9000 	C:\WINDOWS\SYSTEM32\USERENV.dll
0x00007ffde0a90000 - 0x00007ffde0ab7000 	C:\WINDOWS\SYSTEM32\bcrypt.dll
0x00007ffde0920000 - 0x00007ffde092c000 	C:\WINDOWS\SYSTEM32\CRYPTBASE.dll
0x00007ffddfdc0000 - 0x00007ffddfded000 	C:\WINDOWS\SYSTEM32\IPHLPAPI.DLL
0x00007ffde3360000 - 0x00007ffde3369000 	C:\WINDOWS\System32\NSI.dll
0x00007ffddc4b0000 - 0x00007ffddc4c9000 	C:\WINDOWS\SYSTEM32\dhcpcsvc6.DLL
0x00007ffddd140000 - 0x00007ffddd15e000 	C:\WINDOWS\SYSTEM32\dhcpcsvc.DLL
0x00007ffddfdf0000 - 0x00007ffddfed8000 	C:\WINDOWS\SYSTEM32\DNSAPI.dll
0x00007ffd9e210000 - 0x00007ffd9e237000 	C:\Program Files\Android\Android Studio\jre\bin\sunec.dll
0x00007ffdd6920000 - 0x00007ffdd692a000 	C:\Windows\System32\rasadhlp.dll
0x00007ffddc210000 - 0x00007ffddc291000 	C:\WINDOWS\System32\fwpuclnt.dll
0x00007ffdc9790000 - 0x00007ffdc97a7000 	C:\WINDOWS\system32\napinsp.dll
0x00007ffdc9770000 - 0x00007ffdc978b000 	C:\WINDOWS\system32\pnrpnsp.dll
0x00007ffdad8e0000 - 0x00007ffdad8f2000 	C:\WINDOWS\System32\winrnr.dll
0x00007ffdad8c0000 - 0x00007ffdad8d5000 	C:\WINDOWS\system32\wshbth.dll
0x00007ffdad8a0000 - 0x00007ffdad8bf000 	C:\WINDOWS\system32\nlansp_c.dll

dbghelp: loaded successfully - version: 4.0.5 - missing functions: none
symbol engine: initialized successfully - sym options: 0x614 - pdb path: .;C:\Program Files\Android\Android Studio\jre\bin;C:\WINDOWS\SYSTEM32;C:\WINDOWS\WinSxS\amd64_microsoft.windows.common-controls_6595b64144ccf1df_6.0.22000.120_none_9d947278b86cc467;C:\Program Files\Android\Android Studio\jre\bin\server

VM Arguments:
jvm_args: -Djava.awt.headless=true -Djava.util.logging.config.file=C:\Users\Maulana Rosandy\.android\utp\logging5802728309929295528properties -Dfile.encoding=UTF-8 -Duser.country=US -Duser.language=en -Duser.variant 
java_command: com.google.testing.platform.launcher.Launcher C:\Users\Maulana Rosandy\.gradle\caches\modules-2\files-2.1\com.google.testing.platform\core\0.0.8-alpha07\185ff5f0c2380a7a283320bc5ec9130dbcbbb030\core-0.0.8-alpha07.jar --proto_config=C:\Users\Maulana Rosandy\.android\utp\runnerConfig16751517019167519706.pb --proto_server_config=C:\Users\Maulana Rosandy\.android\utp\serverConfig11455352775993836329.pb
java_class_path (initial): C:\Users\Maulana Rosandy\.gradle\caches\modules-2\files-2.1\com.google.testing.platform\launcher\0.0.8-alpha07\47d15094202612b26f5a07fbfbe17ff8900a58c4\launcher-0.0.8-alpha07.jar
Launcher Type: SUN_STANDARD

[Global flags]
     intx CICompilerCount                          = 4                                         {product} {ergonomic}
     uint ConcGCThreads                            = 2                                         {product} {ergonomic}
     uint G1ConcRefinementThreads                  = 8                                         {product} {ergonomic}
   size_t G1HeapRegionSize                         = 1048576                                   {product} {ergonomic}
    uintx GCDrainStackTargetSize                   = 64                                        {product} {ergonomic}
   size_t InitialHeapSize                          = 260046848                                 {product} {ergonomic}
   size_t MarkStackSize                            = 4194304                                   {product} {ergonomic}
   size_t MaxHeapSize                              = 4146069504                                {product} {ergonomic}
   size_t MaxNewSize                               = 2487222272                                {product} {ergonomic}
   size_t MinHeapDeltaBytes                        = 1048576                                   {product} {ergonomic}
    uintx NonNMethodCodeHeapSize                   = 5836300                                {pd product} {ergonomic}
    uintx NonProfiledCodeHeapSize                  = 122910970                              {pd product} {ergonomic}
    uintx ProfiledCodeHeapSize                     = 122910970                              {pd product} {ergonomic}
    uintx ReservedCodeCacheSize                    = 251658240                              {pd product} {ergonomic}
     bool SegmentedCodeCache                       = true                                      {product} {ergonomic}
     bool UseCompressedClassPointers               = true                                 {lp64_product} {ergonomic}
     bool UseCompressedOops                        = true                                 {lp64_product} {ergonomic}
     bool UseG1GC                                  = true                                      {product} {ergonomic}
     bool UseLargePagesIndividualAllocation        = false                                  {pd product} {ergonomic}

Logging:
Log output configuration:
 #0: stdout all=warning uptime,level,tags
 #1: stderr all=off uptime,level,tags

Environment Variables:
PATH=C:\Program Files (x86)\Common Files\Oracle\Java\javapath;C:\ProgramData\Oracle\Java\javapath;C:\watcom-1.3\binnt;C:\watcom-1.3\binw;C:\Program Files (x86)\Common Files\Intel\Shared Files\cpp\bin\Intel64;C:\Program Files\Common Files\Oracle\Java\javapath;C:\Windows\system32;C:\Windows;C:\Windows\System32\Wbem;C:\Windows\System32\WindowsPowerShell\v1.0\;C:\Windows\System32\OpenSSH\;C:\Program Files (x86)\NVIDIA Corporation\PhysX\Common;C:\Program Files\NVIDIA Corporation\NVIDIA NvDLISR;C:\Users\Maulana Rosandy\AppData\Local\Programs\Python\Python39\python.exe;C:\Program Files\Microsoft SQL Server\Client SDK\ODBC\130\Tools\Binn\;C:\Program Files (x86)\Microsoft SQL Server\140\Tools\Binn\;C:\Program Files\Microsoft SQL Server\140\Tools\Binn\;C:\Program Files\Microsoft SQL Server\140\DTS\Binn\;C:\Program Files (x86)\Microsoft SQL Server\150\DTS\Binn\;C:\Program Files\Azure Data Studio\bin;C:\xampp\php;C:\WINDOWS\system32;C:\WINDOWS;C:\WINDOWS\System32\Wbem;C:\WINDOWS\System32\WindowsPowerShell\v1.0\;C:\WINDOWS\System32\OpenSSH\;C:\Program Files\Git\cmd;C:\Program Files\Microsoft SQL Server\130\Tools\Binn\;C:\Program Files (x86)\Microsoft SQL Server\110\DTS\Binn\;C:\Program Files (x86)\Microsoft SQL Server\120\DTS\Binn\;C:\Program Files (x86)\Microsoft SQL Server\130\DTS\Binn\;C:\Program Files (x86)\Microsoft SQL Server\140\DTS\Binn\;C:\ProgramData\ComposerSetup\bin;C:\Program Files\nodejs\;C:\Program Files\dotnet\;C:\Program Files\PuTTY\;C:\Users\Maulana Rosandy\AppData\Local\Programs\Python\Python39\Scripts\;C:\Users\Maulana Rosandy\AppData\Local\Programs\Python\Python39\;C:\Users\Maulana Rosandy\AppData\Local\Microsoft\WindowsApps;C:\Program Files\Azure Data Studio\bin;C:\Users\Maulana Rosandy\AppData\Local\GitHubDesktop\bin;C:\Users\Maulana Rosandy\AppData\Local\Programs\Microsoft VS Code\bin;C:\Users\Maulana Rosandy\AppData\Roaming\Composer\vendor\bin;C:\Users\Maulana Rosandy\AppData\Roaming\npm;C:\src\flutter\bin;
USERNAME=Maulana Rosandy
OS=Windows_NT
PROCESSOR_IDENTIFIER=AMD64 Family 23 Model 24 Stepping 1, AuthenticAMD



---------------  S Y S T E M  ---------------

OS: Windows 10 , 64 bit Build 22000 (10.0.22000.708)
OS uptime: 0 days 8:49 hours

CPU:total 8 (initial active 8) (8 cores per cpu, 2 threads per core) family 23 model 24 stepping 1 microcode 0x0, cmov, cx8, fxsr, mmx, sse, sse2, sse3, ssse3, sse4.1, sse4.2, popcnt, avx, avx2, aes, clmul, mmxext, 3dnowpref, lzcnt, sse4a, ht, tsc, tscinvbit, tscinv, bmi1, bmi2, adx, sha, fma

Memory: 4k page, system-wide physical 15809M (4483M free)
TotalPageFile size 18729M (AvailPageFile size 5M)
current process WorkingSet (physical memory assigned to process): 147M, peak: 147M
current process commit charge ("private bytes"): 396M, peak: 396M

vm_info: OpenJDK 64-Bit Server VM (11.0.12+7-b1504.28-7817840) for windows-amd64 JRE (11.0.12+7-b1504.28-7817840), built on Oct 13 2021 22:12:33 by "builder" with MS VC++ 14.0 (VS2015)

END.
