#
# There is insufficient memory for the Java Runtime Environment to continue.
# Native memory allocation (mmap) failed to map 260046848 bytes for Failed to commit area from 0x0000000708e00000 to 0x0000000718600000 of length 260046848.
# Possible reasons:
#   The system is out of physical RAM or swap space
#   The process is running with CompressedOops enabled, and the Java Heap may be blocking the growth of the native heap
# Possible solutions:
#   Reduce memory load on the system
#   Increase physical memory or swap space
#   Check if swap backing store is full
#   Decrease Java heap size (-Xmx/-Xms)
#   Decrease number of Java threads
#   Decrease Java thread stack sizes (-Xss)
#   Set larger code cache with -XX:ReservedCodeCacheSize=
# This output file may be truncated or incomplete.
#
#  Out of Memory Error (./src/hotspot/os/windows/os_windows.cpp:3521), pid=604, tid=14636
#
# JRE version:  (11.0.12+7) (build )
# Java VM: OpenJDK 64-Bit Server VM (11.0.12+7-b1504.28-7817840, mixed mode, sharing, tiered, compressed oops, g1 gc, windows-amd64)
# No core dump will be written. Minidumps are not enabled by default on client versions of Windows
#

---------------  S U M M A R Y ------------

Command Line: -Djava.awt.headless=true -Djava.util.logging.config.file=C:\Users\Maulana Rosandy\.android\utp\logging8139349692457615667properties -Dfile.encoding=UTF-8 -Duser.country=US -Duser.language=en -Duser.variant com.google.testing.platform.launcher.Launcher C:\Users\Maulana Rosandy\.gradle\caches\modules-2\files-2.1\com.google.testing.platform\core\0.0.8-alpha07\185ff5f0c2380a7a283320bc5ec9130dbcbbb030\core-0.0.8-alpha07.jar --proto_config=C:\Users\Maulana Rosandy\.android\utp\runnerConfig13731872151980266622.pb --proto_server_config=C:\Users\Maulana Rosandy\.android\utp\serverConfig218846931693348230.pb

Host: AMD Ryzen 5 3550H with Radeon Vega Mobile Gfx  , 8 cores, 15G,  Windows 10 , 64 bit Build 22000 (10.0.22000.708)
Time: Sat Sep 24 22:41:08 2022 SE Asia Standard Time elapsed time: 0.030663 seconds (0d 0h 0m 0s)

---------------  T H R E A D  ---------------

Current thread (0x000002419bb50800):  JavaThread "Unknown thread" [_thread_in_vm, id=14636, stack(0x0000005c77000000,0x0000005c77100000)]

Stack: [0x0000005c77000000,0x0000005c77100000]
Native frames: (J=compiled Java code, j=interpreted, Vv=VM code, C=native code)
V  [jvm.dll+0x5fbcea]
V  [jvm.dll+0x731905]
V  [jvm.dll+0x732f1d]
V  [jvm.dll+0x7335d3]
V  [jvm.dll+0x247bf8]
V  [jvm.dll+0x5f90b4]
V  [jvm.dll+0x5edc85]
V  [jvm.dll+0x305aeb]
V  [jvm.dll+0x305a5a]
V  [jvm.dll+0x305932]
V  [jvm.dll+0x30a896]
V  [jvm.dll+0x353803]
V  [jvm.dll+0x353f06]
V  [jvm.dll+0x353903]
V  [jvm.dll+0x2e0678]
V  [jvm.dll+0x2e1827]
V  [jvm.dll+0x710037]
V  [jvm.dll+0x71182c]
V  [jvm.dll+0x360da9]
V  [jvm.dll+0x6f390e]
V  [jvm.dll+0x3c9723]
V  [jvm.dll+0x3cb9b1]
C  [jli.dll+0x536b]
C  [ucrtbase.dll+0x26c0c]
C  [KERNEL32.DLL+0x154e0]
C  [ntdll.dll+0x485b]


---------------  P R O C E S S  ---------------

Threads class SMR info:
_java_thread_list=0x000002419b8e6750, length=0, elements={
}

Java Threads: ( => current thread )

Other Threads:
  0x000002419bb68000 GCTaskThread "GC Thread#0" [stack: 0x0000005c77100000,0x0000005c77200000] [id=3172]
  0x000002419bbc1000 ConcurrentGCThread "G1 Main Marker" [stack: 0x0000005c77200000,0x0000005c77300000] [id=12732]
  0x000002419bbc3800 ConcurrentGCThread "G1 Conc#0" [stack: 0x0000005c77300000,0x0000005c77400000] [id=10228]

[error occurred during error reporting (printing all threads), id 0xc0000005, EXCEPTION_ACCESS_VIOLATION (0xc0000005) at pc=0x00007ffd48480be7]

VM state:not at safepoint (not fully initialized)

VM Mutex/Monitor currently owned by a thread:  ([mutex/lock_event])
[0x000002419bb4e1b0] Heap_lock - owner thread: 0x000002419bb50800

Heap address: 0x0000000708e00000, size: 3954 MB, Compressed Oops mode: Non-zero based: 0x0000000708e00000
Narrow klass base: 0x0000000000000000, Narrow klass shift: 0

GC Heap History (0 events):
No events

Deoptimization events (0 events):
No events

Classes redefined (0 events):
No events

Internal exceptions (0 events):
No events

Events (1 events):
Event: 0.019 Loaded shared library C:\Program Files\Android\Android Studio\jre\bin\zip.dll


Dynamic libraries:
0x00007ff6da5a0000 - 0x00007ff6da5aa000 	C:\Program Files\Android\Android Studio\jre\bin\java.exe
0x00007ffde3cc0000 - 0x00007ffde3ec9000 	C:\WINDOWS\SYSTEM32\ntdll.dll
0x00007ffde2030000 - 0x00007ffde20ed000 	C:\WINDOWS\System32\KERNEL32.DLL
0x00007ffde11a0000 - 0x00007ffde151c000 	C:\WINDOWS\System32\KERNELBASE.dll
0x00007ffde18e0000 - 0x00007ffde19f1000 	C:\WINDOWS\System32\ucrtbase.dll
0x00007ffda5b00000 - 0x00007ffda5b19000 	C:\Program Files\Android\Android Studio\jre\bin\jli.dll
0x00007ffd9cb70000 - 0x00007ffd9cb87000 	C:\Program Files\Android\Android Studio\jre\bin\VCRUNTIME140.dll
0x00007ffde38c0000 - 0x00007ffde3a6d000 	C:\WINDOWS\System32\USER32.dll
0x00007ffdd87a0000 - 0x00007ffdd8a45000 	C:\WINDOWS\WinSxS\amd64_microsoft.windows.common-controls_6595b64144ccf1df_6.0.22000.120_none_9d947278b86cc467\COMCTL32.dll
0x00007ffde1b20000 - 0x00007ffde1b46000 	C:\WINDOWS\System32\win32u.dll
0x00007ffde3a70000 - 0x00007ffde3b13000 	C:\WINDOWS\System32\msvcrt.dll
0x00007ffde2210000 - 0x00007ffde2239000 	C:\WINDOWS\System32\GDI32.dll
0x00007ffde1750000 - 0x00007ffde1869000 	C:\WINDOWS\System32\gdi32full.dll
0x00007ffde1a00000 - 0x00007ffde1a9d000 	C:\WINDOWS\System32\msvcp_win.dll
0x00007ffde2860000 - 0x00007ffde2891000 	C:\WINDOWS\System32\IMM32.DLL
0x00007ffd8f240000 - 0x00007ffd8f2dd000 	C:\Program Files\Android\Android Studio\jre\bin\msvcp140.dll
0x00007ffd48190000 - 0x00007ffd48c75000 	C:\Program Files\Android\Android Studio\jre\bin\server\jvm.dll
0x00007ffde3b20000 - 0x00007ffde3bce000 	C:\WINDOWS\System32\ADVAPI32.dll
0x00007ffde26e0000 - 0x00007ffde277e000 	C:\WINDOWS\System32\sechost.dll
0x00007ffde3660000 - 0x00007ffde3780000 	C:\WINDOWS\System32\RPCRT4.dll
0x00007ffde2350000 - 0x00007ffde2358000 	C:\WINDOWS\System32\PSAPI.DLL
0x00007ffdcf6d0000 - 0x00007ffdcf6d9000 	C:\WINDOWS\SYSTEM32\WSOCK32.dll
0x00007ffde1fc0000 - 0x00007ffde202f000 	C:\WINDOWS\System32\WS2_32.dll
0x00007ffdd6a90000 - 0x00007ffdd6ac3000 	C:\WINDOWS\SYSTEM32\WINMM.dll
0x00007ffddc2e0000 - 0x00007ffddc2ea000 	C:\WINDOWS\SYSTEM32\VERSION.dll
0x00007ffde0290000 - 0x00007ffde02a8000 	C:\WINDOWS\SYSTEM32\kernel.appcore.dll
0x00007ffdd6330000 - 0x00007ffdd6341000 	C:\Program Files\Android\Android Studio\jre\bin\verify.dll
0x00007ffddb590000 - 0x00007ffddb7b1000 	C:\WINDOWS\SYSTEM32\DBGHELP.DLL
0x00007ffdcf8e0000 - 0x00007ffdcf911000 	C:\WINDOWS\SYSTEM32\dbgcore.DLL
0x00007ffde1aa0000 - 0x00007ffde1b1f000 	C:\WINDOWS\System32\bcryptPrimitives.dll
0x00007ffdbbbc0000 - 0x00007ffdbbbe9000 	C:\Program Files\Android\Android Studio\jre\bin\java.dll
0x00007ffdddb00000 - 0x00007ffdddb0b000 	C:\Program Files\Android\Android Studio\jre\bin\jimage.dll
0x00007ffdd62f0000 - 0x00007ffdd6308000 	C:\Program Files\Android\Android Studio\jre\bin\zip.dll

dbghelp: loaded successfully - version: 4.0.5 - missing functions: none
symbol engine: initialized successfully - sym options: 0x614 - pdb path: .;C:\Program Files\Android\Android Studio\jre\bin;C:\WINDOWS\SYSTEM32;C:\WINDOWS\WinSxS\amd64_microsoft.windows.common-controls_6595b64144ccf1df_6.0.22000.120_none_9d947278b86cc467;C:\Program Files\Android\Android Studio\jre\bin\server

VM Arguments:
jvm_args: -Djava.awt.headless=true -Djava.util.logging.config.file=C:\Users\Maulana Rosandy\.android\utp\logging8139349692457615667properties -Dfile.encoding=UTF-8 -Duser.country=US -Duser.language=en -Duser.variant 
java_command: com.google.testing.platform.launcher.Launcher C:\Users\Maulana Rosandy\.gradle\caches\modules-2\files-2.1\com.google.testing.platform\core\0.0.8-alpha07\185ff5f0c2380a7a283320bc5ec9130dbcbbb030\core-0.0.8-alpha07.jar --proto_config=C:\Users\Maulana Rosandy\.android\utp\runnerConfig13731872151980266622.pb --proto_server_config=C:\Users\Maulana Rosandy\.android\utp\serverConfig218846931693348230.pb
java_class_path (initial): C:\Users\Maulana Rosandy\.gradle\caches\modules-2\files-2.1\com.google.testing.platform\launcher\0.0.8-alpha07\47d15094202612b26f5a07fbfbe17ff8900a58c4\launcher-0.0.8-alpha07.jar
Launcher Type: SUN_STANDARD

[Global flags]
     intx CICompilerCount                          = 4                                         {product} {ergonomic}
     uint ConcGCThreads                            = 2                                         {product} {ergonomic}
     uint G1ConcRefinementThreads                  = 8                                         {product} {ergonomic}
   size_t G1HeapRegionSize                         = 1048576                                   {product} {ergonomic}
    uintx GCDrainStackTargetSize                   = 64                                        {product} {ergonomic}
   size_t InitialHeapSize                          = 260046848                                 {product} {ergonomic}
   size_t MarkStackSize                            = 4194304                                   {product} {ergonomic}
   size_t MaxHeapSize                              = 4146069504                                {product} {ergonomic}
   size_t MinHeapDeltaBytes                        = 1048576                                   {product} {ergonomic}
    uintx NonNMethodCodeHeapSize                   = 5836300                                {pd product} {ergonomic}
    uintx NonProfiledCodeHeapSize                  = 122910970                              {pd product} {ergonomic}
    uintx ProfiledCodeHeapSize                     = 122910970                              {pd product} {ergonomic}
    uintx ReservedCodeCacheSize                    = 251658240                              {pd product} {ergonomic}
     bool SegmentedCodeCache                       = true                                      {product} {ergonomic}
     bool UseCompressedClassPointers               = true                                 {lp64_product} {ergonomic}
     bool UseCompressedOops                        = true                                 {lp64_product} {ergonomic}
     bool UseG1GC                                  = true                                      {product} {ergonomic}
     bool UseLargePagesIndividualAllocation        = false                                  {pd product} {ergonomic}

Logging:
Log output configuration:
 #0: stdout all=warning uptime,level,tags
 #1: stderr all=off uptime,level,tags

Environment Variables:
PATH=C:\Program Files (x86)\Common Files\Oracle\Java\javapath;C:\ProgramData\Oracle\Java\javapath;C:\watcom-1.3\binnt;C:\watcom-1.3\binw;C:\Program Files (x86)\Common Files\Intel\Shared Files\cpp\bin\Intel64;C:\Program Files\Common Files\Oracle\Java\javapath;C:\Windows\system32;C:\Windows;C:\Windows\System32\Wbem;C:\Windows\System32\WindowsPowerShell\v1.0\;C:\Windows\System32\OpenSSH\;C:\Program Files (x86)\NVIDIA Corporation\PhysX\Common;C:\Program Files\NVIDIA Corporation\NVIDIA NvDLISR;C:\Users\Maulana Rosandy\AppData\Local\Programs\Python\Python39\python.exe;C:\Program Files\Microsoft SQL Server\Client SDK\ODBC\130\Tools\Binn\;C:\Program Files (x86)\Microsoft SQL Server\140\Tools\Binn\;C:\Program Files\Microsoft SQL Server\140\Tools\Binn\;C:\Program Files\Microsoft SQL Server\140\DTS\Binn\;C:\Program Files (x86)\Microsoft SQL Server\150\DTS\Binn\;C:\Program Files\Azure Data Studio\bin;C:\xampp\php;C:\WINDOWS\system32;C:\WINDOWS;C:\WINDOWS\System32\Wbem;C:\WINDOWS\System32\WindowsPowerShell\v1.0\;C:\WINDOWS\System32\OpenSSH\;C:\Program Files\Git\cmd;C:\Program Files\Microsoft SQL Server\130\Tools\Binn\;C:\Program Files (x86)\Microsoft SQL Server\110\DTS\Binn\;C:\Program Files (x86)\Microsoft SQL Server\120\DTS\Binn\;C:\Program Files (x86)\Microsoft SQL Server\130\DTS\Binn\;C:\Program Files (x86)\Microsoft SQL Server\140\DTS\Binn\;C:\ProgramData\ComposerSetup\bin;C:\Program Files\nodejs\;C:\Program Files\dotnet\;C:\Program Files\PuTTY\;C:\Users\Maulana Rosandy\AppData\Local\Programs\Python\Python39\Scripts\;C:\Users\Maulana Rosandy\AppData\Local\Programs\Python\Python39\;C:\Users\Maulana Rosandy\AppData\Local\Microsoft\WindowsApps;C:\Program Files\Azure Data Studio\bin;C:\Users\Maulana Rosandy\AppData\Local\GitHubDesktop\bin;C:\Users\Maulana Rosandy\AppData\Local\Programs\Microsoft VS Code\bin;C:\Users\Maulana Rosandy\AppData\Roaming\Composer\vendor\bin;C:\Users\Maulana Rosandy\AppData\Roaming\npm;C:\src\flutter\bin;
USERNAME=Maulana Rosandy
OS=Windows_NT
PROCESSOR_IDENTIFIER=AMD64 Family 23 Model 24 Stepping 1, AuthenticAMD



---------------  S Y S T E M  ---------------

OS: Windows 10 , 64 bit Build 22000 (10.0.22000.708)
OS uptime: 0 days 8:49 hours

CPU:total 8 (initial active 8) (8 cores per cpu, 2 threads per core) family 23 model 24 stepping 1 microcode 0x0, cmov, cx8, fxsr, mmx, sse, sse2, sse3, ssse3, sse4.1, sse4.2, popcnt, avx, avx2, aes, clmul, mmxext, 3dnowpref, lzcnt, sse4a, ht, tsc, tscinvbit, tscinv, bmi1, bmi2, adx, sha, fma

Memory: 4k page, system-wide physical 15809M (4256M free)
TotalPageFile size 18729M (AvailPageFile size 192M)
current process WorkingSet (physical memory assigned to process): 10M, peak: 10M
current process commit charge ("private bytes"): 60M, peak: 308M

vm_info: OpenJDK 64-Bit Server VM (11.0.12+7-b1504.28-7817840) for windows-amd64 JRE (11.0.12+7-b1504.28-7817840), built on Oct 13 2021 22:12:33 by "builder" with MS VC++ 14.0 (VS2015)

END.
